Mplus VERSION 8 (Mac)
MUTHEN & MUTHEN
12/09/2017   8:48 AM

INPUT INSTRUCTIONS

  TITLE:
  this is an example of a two-level
  	  regression analysis for a continuous
  	  dependent variable with a random intercept and a latent covariate
  DATA:
  FILE = "ex9.1b.dat";

  VARIABLE:
  NAMES = y x w clus;
   MISSING=.;
   BETWEEN = w;
  	  CLUSTER = clus;
  DEFINE:
  CENTER x (GRANDMEAN);
  ANALYSIS:
  TYPE = TWOLEVEL;
      ESTIMATOR=MLR;
  MODEL:

      %WITHIN%
  	    y ON x (gamma10);
  	  %BETWEEN%
  	    y ON w
  	         x (gamma01);
  OUTPUT:
  STDYX RESIDUAL;



INPUT READING TERMINATED NORMALLY




this is an example of a two-level
regression analysis for a continuous
dependent variable with a random intercept and a latent covariate

SUMMARY OF ANALYSIS

Number of groups                                                 1
Number of observations                                        1000

Number of dependent variables                                    1
Number of independent variables                                  2
Number of continuous latent variables                            0

Observed dependent variables

  Continuous
   Y

Observed independent variables
   X           W

Variables with special functions

  Cluster variable      CLUS

  Between variables
   W

  Centering (GRANDMEAN)
   X


Estimator                                                      MLR
Information matrix                                        OBSERVED
Maximum number of iterations                                   100
Convergence criterion                                    0.100D-05
Maximum number of EM iterations                                500
Convergence criteria for the EM algorithm
  Loglikelihood change                                   0.100D-02
  Relative loglikelihood change                          0.100D-05
  Derivative                                             0.100D-03
Minimum variance                                         0.100D-03
Maximum number of steepest descent iterations                   20
Maximum number of iterations for H1                           2000
Convergence criterion for H1                             0.100D-03
Optimization algorithm                                         EMA

Input data file(s)
  ex9.1b.dat
Input data format  FREE


SUMMARY OF DATA

     Number of missing data patterns             1
     Number of clusters                        110

     Average cluster size        9.091

     Estimated Intraclass Correlations for the Y Variables

                Intraclass
     Variable  Correlation

     Y            0.509



COVARIANCE COVERAGE OF DATA

Minimum covariance coverage value   0.100


     PROPORTION OF DATA PRESENT


           Covariance Coverage
              Y             X             W
              ________      ________      ________
 Y              1.000
 X              1.000         1.000
 W              1.000         1.000         1.000



UNIVARIATE SAMPLE STATISTICS


     UNIVARIATE HIGHER-ORDER MOMENT DESCRIPTIVE STATISTICS

         Variable/         Mean/     Skewness/   Minimum/ % with                Percentiles
        Sample Size      Variance    Kurtosis    Maximum  Min/Max      20%/60%    40%/80%    Median

     Y                     1.958       0.122      -3.316    0.10%       0.341      1.420      1.905
            1000.000       3.465      -0.137       7.975    0.10%       2.343      3.535
     X                     0.000       0.084      -3.834    0.10%      -0.977     -0.324     -0.049
            1000.000       1.435       0.210       4.968    0.10%       0.276      1.028
     W                    -0.082       0.120      -2.498    0.91%      -0.831     -0.384     -0.177
             110.000       1.004      -0.060       2.343    0.91%       0.079      0.638


THE MODEL ESTIMATION TERMINATED NORMALLY



MODEL FIT INFORMATION

Number of Free Parameters                        6

Loglikelihood

          H0 Value                       -2971.585
          H0 Scaling Correction Factor      0.9064
            for MLR
          H1 Value                       -2971.585
          H1 Scaling Correction Factor      0.9064
            for MLR

Information Criteria

          Akaike (AIC)                    5955.170
          Bayesian (BIC)                  5984.617
          Sample-Size Adjusted BIC        5965.560
            (n* = (n + 2) / 24)

Chi-Square Test of Model Fit

          Value                              0.001*
          Degrees of Freedom                     0
          P-Value                           0.0000
          Scaling Correction Factor         1.0000
            for MLR

*   The chi-square value for MLM, MLMV, MLR, ULSMV, WLSM and WLSMV cannot be used
    for chi-square difference testing in the regular way.  MLM, MLR and WLSM
    chi-square difference testing is described on the Mplus website.  MLMV, WLSMV,
    and ULSMV difference testing is done using the DIFFTEST option.

RMSEA (Root Mean Square Error Of Approximation)

          Estimate                           0.000

CFI/TLI

          CFI                                1.000
          TLI                                1.000

Chi-Square Test of Model Fit for the Baseline Model

          Value                            601.098
          Degrees of Freedom                     3
          P-Value                           0.0000

SRMR (Standardized Root Mean Square Residual)

          Value for Within                   0.000
          Value for Between                  0.000



MODEL RESULTS

                                                    Two-Tailed
                    Estimate       S.E.  Est./S.E.    P-Value

Within Level

 Y          ON
    X                  0.780      0.032     24.136      0.000

 Residual Variances
    Y                  0.975      0.043     22.684      0.000

Between Level

 Y          ON
    W                  0.385      0.122      3.157      0.002
    X                  1.188      0.177      6.730      0.000

 Intercepts
    Y                  2.005      0.078     25.545      0.000

 Residual Variances
    Y                  0.519      0.085      6.114      0.000


STANDARDIZED MODEL RESULTS


STDYX Standardization

                                                    Two-Tailed
                    Estimate       S.E.  Est./S.E.    P-Value

Within Level

 Y          ON
    X                  0.616      0.020     30.090      0.000

 Residual Variances
    Y                  0.620      0.025     24.563      0.000

Between Level

 Y          ON
    W                  0.302      0.095      3.191      0.001
    X                  0.595      0.088      6.758      0.000

 Intercepts
    Y                  1.569      0.118     13.267      0.000

 Residual Variances
    Y                  0.318      0.056      5.708      0.000


R-SQUARE

Within Level

    Observed                                        Two-Tailed
    Variable        Estimate       S.E.  Est./S.E.    P-Value

    Y                  0.380      0.025     15.045      0.000

Between Level

    Observed                                        Two-Tailed
    Variable        Estimate       S.E.  Est./S.E.    P-Value

    Y                  0.682      0.056     12.231      0.000


QUALITY OF NUMERICAL RESULTS

     Condition Number for the Information Matrix              0.181E-01
       (ratio of smallest to largest eigenvalue)


RESIDUAL OUTPUT


     ESTIMATED MODEL AND RESIDUALS (OBSERVED - ESTIMATED) FOR WITHIN


           Model Estimated Means
              Y             X             W
              ________      ________      ________
                0.000         0.000         0.000


           Residuals for Means
              Y             X             W
              ________      ________      ________
                0.000         0.000         0.000


           Model Estimated Covariances
              Y             X             W
              ________      ________      ________
 Y              1.572
 X              0.765         0.981
 W              0.000         0.000         0.000


           Residuals for Covariances
              Y             X             W
              ________      ________      ________
 Y              0.000
 X              0.000         0.000
 W              0.000         0.000         0.000


     ESTIMATED MODEL AND RESIDUALS (OBSERVED - ESTIMATED) FOR BETWEEN


           Model Estimated Means
              Y             X             W
              ________      ________      ________
                1.980         0.005        -0.082


           Residuals for Means
              Y             X             W
              ________      ________      ________
                0.000         0.000         0.000


           Model Estimated Covariances
              Y             X             W
              ________      ________      ________
 Y              1.631
 X              0.648         0.409
 W              0.888         0.422         1.004


           Residuals for Covariances
              Y             X             W
              ________      ________      ________
 Y              0.001
 X              0.001         0.000
 W              0.000         0.000         0.000


     Beginning Time:  08:48:11
        Ending Time:  08:48:11
       Elapsed Time:  00:00:00



MUTHEN & MUTHEN
3463 Stoner Ave.
Los Angeles, CA  90066

Tel: (310) 391-9971
Fax: (310) 391-8971
Web: www.StatModel.com
Support: Support@StatModel.com

Copyright (c) 1998-2017 Muthen & Muthen
