Mplus VERSION 8 (Mac)
MUTHEN & MUTHEN
12/09/2017   8:48 AM

INPUT INSTRUCTIONS

  TITLE:
  Within independence; Between independence;
  DATA:
  FILE = "hox_m1.dat";

  VARIABLE:
  NAMES = family wordlist cards matrices figures animals occupats;
   MISSING=.;
   CLUSTER = family;
      USEVARIABLES ARE wordlist cards matrices figures animals occupats;
  ANALYSIS:
  TYPE IS TWOLEVEL;
      ESTIMATOR IS MLR;
  MODEL:
  %WITHIN%
      %BETWEEN%
  OUTPUT:
  STDYX SAMPSTAT;



*** WARNING in MODEL command
  Variable is uncorrelated with all other variables: WORDLIST
*** WARNING in MODEL command
  Variable is uncorrelated with all other variables: CARDS
*** WARNING in MODEL command
  Variable is uncorrelated with all other variables: MATRICES
*** WARNING in MODEL command
  Variable is uncorrelated with all other variables: FIGURES
*** WARNING in MODEL command
  Variable is uncorrelated with all other variables: ANIMALS
*** WARNING in MODEL command
  Variable is uncorrelated with all other variables: OCCUPATS
*** WARNING in MODEL command
  At least one variable is uncorrelated with all other variables in the model.
  Check that this is what is intended.
   7 WARNING(S) FOUND IN THE INPUT INSTRUCTIONS




Within independence; Between independence;

SUMMARY OF ANALYSIS

Number of groups                                                 1
Number of observations                                         400

Number of dependent variables                                    6
Number of independent variables                                  0
Number of continuous latent variables                            0

Observed dependent variables

  Continuous
   WORDLIST    CARDS       MATRICES    FIGURES     ANIMALS     OCCUPATS

Variables with special functions

  Cluster variable      FAMILY

Estimator                                                      MLR
Information matrix                                        OBSERVED
Maximum number of iterations                                   100
Convergence criterion                                    0.100D-05
Maximum number of EM iterations                                500
Convergence criteria for the EM algorithm
  Loglikelihood change                                   0.100D-02
  Relative loglikelihood change                          0.100D-05
  Derivative                                             0.100D-03
Minimum variance                                         0.100D-03
Maximum number of steepest descent iterations                   20
Maximum number of iterations for H1                           2000
Convergence criterion for H1                             0.100D-03
Optimization algorithm                                         EMA

Input data file(s)
  hox_m1.dat
Input data format  FREE


SUMMARY OF DATA

     Number of missing data patterns             1
     Number of clusters                         60

     Average cluster size        6.667

     Estimated Intraclass Correlations for the Y Variables

                Intraclass              Intraclass              Intraclass
     Variable  Correlation   Variable  Correlation   Variable  Correlation

     WORDLIST     0.400      CARDS        0.408      MATRICES     0.369
     FIGURES      0.374      ANIMALS      0.419      OCCUPATS     0.503



COVARIANCE COVERAGE OF DATA

Minimum covariance coverage value   0.100


     PROPORTION OF DATA PRESENT


           Covariance Coverage
              WORDLIST      CARDS         MATRICES      FIGURES       ANIMALS
              ________      ________      ________      ________      ________
 WORDLIST       1.000
 CARDS          1.000         1.000
 MATRICES       1.000         1.000         1.000
 FIGURES        1.000         1.000         1.000         1.000
 ANIMALS        1.000         1.000         1.000         1.000         1.000
 OCCUPATS       1.000         1.000         1.000         1.000         1.000


           Covariance Coverage
              OCCUPATS
              ________
 OCCUPATS       1.000


SAMPLE STATISTICS

NOTE:  The sample statistics for within and between refer to the
       maximum-likelihood estimated within and between covariance
       matrices, respectively.


     ESTIMATED SAMPLE STATISTICS FOR WITHIN


           Means
              WORDLIST      CARDS         MATRICES      FIGURES       ANIMALS
              ________      ________      ________      ________      ________
                0.000         0.000         0.000         0.000         0.000


           Means
              OCCUPATS
              ________
                0.000


           Covariances
              WORDLIST      CARDS         MATRICES      FIGURES       ANIMALS
              ________      ________      ________      ________      ________
 WORDLIST      16.144
 CARDS          9.862        15.277
 MATRICES       9.539         9.623        15.589
 FIGURES        3.687         2.864         2.851        16.544
 ANIMALS        4.607         4.429         3.676         9.952        15.095
 OCCUPATS       3.448         3.365         2.736         8.912         8.905


           Covariances
              OCCUPATS
              ________
 OCCUPATS      13.254


           Correlations
              WORDLIST      CARDS         MATRICES      FIGURES       ANIMALS
              ________      ________      ________      ________      ________
 WORDLIST       1.000
 CARDS          0.628         1.000
 MATRICES       0.601         0.624         1.000
 FIGURES        0.226         0.180         0.178         1.000
 ANIMALS        0.295         0.292         0.240         0.630         1.000
 OCCUPATS       0.236         0.236         0.190         0.602         0.630


           Correlations
              OCCUPATS
              ________
 OCCUPATS       1.000


     ESTIMATED SAMPLE STATISTICS FOR BETWEEN


           Means
              WORDLIST      CARDS         MATRICES      FIGURES       ANIMALS
              ________      ________      ________      ________      ________
               29.880        29.881        29.727        30.067        30.149


           Means
              OCCUPATS
              ________
               29.990


           Covariances
              WORDLIST      CARDS         MATRICES      FIGURES       ANIMALS
              ________      ________      ________      ________      ________
 WORDLIST      10.744
 CARDS          9.291        10.536
 MATRICES       8.527         7.984         9.114
 FIGURES        8.435         8.568         7.864         9.879
 ANIMALS        9.580         9.893         8.037         8.875        10.882
 OCCUPATS      10.412        10.411         9.107         9.594        11.012


           Covariances
              OCCUPATS
              ________
 OCCUPATS      13.411


           Correlations
              WORDLIST      CARDS         MATRICES      FIGURES       ANIMALS
              ________      ________      ________      ________      ________
 WORDLIST       1.000
 CARDS          0.873         1.000
 MATRICES       0.862         0.815         1.000
 FIGURES        0.819         0.840         0.829         1.000
 ANIMALS        0.886         0.924         0.807         0.856         1.000
 OCCUPATS       0.867         0.876         0.824         0.833         0.912


           Correlations
              OCCUPATS
              ________
 OCCUPATS       1.000


     MAXIMUM LOG-LIKELIHOOD VALUE FOR THE UNRESTRICTED (H1) MODEL IS -6394.348


UNIVARIATE SAMPLE STATISTICS


     UNIVARIATE HIGHER-ORDER MOMENT DESCRIPTIVE STATISTICS

         Variable/         Mean/     Skewness/   Minimum/ % with                Percentiles
        Sample Size      Variance    Kurtosis    Maximum  Min/Max      20%/60%    40%/80%    Median

     WORDLIST             29.942      -0.324      12.000    0.50%      26.000     29.000     30.000
             400.000      26.094       0.384      45.000    0.25%      31.000     34.000
     CARDS                29.840      -0.053      11.000    0.25%      25.000     29.000     30.000
             400.000      25.119       0.223      44.000    0.50%      31.000     34.000
     MATRICES             29.735      -0.037      15.000    0.25%      25.000     29.000     30.000
             400.000      24.320       0.069      46.000    0.25%      31.000     34.000
     FIGURES              30.085       0.001      17.000    0.50%      26.000     29.000     30.000
             400.000      26.073      -0.118      44.000    0.25%      31.000     34.000
     ANIMALS              30.117      -0.205      15.000    0.25%      26.000     29.000     30.000
             400.000      25.174      -0.027      46.000    0.25%      32.000     34.000
     OCCUPATS             30.030      -0.145      15.000    0.25%      26.000     29.000     30.000
             400.000      25.534      -0.120      43.000    0.25%      31.000     34.000


THE MODEL ESTIMATION TERMINATED NORMALLY



MODEL FIT INFORMATION

Number of Free Parameters                       18

Loglikelihood

          H0 Value                       -6984.684
          H0 Scaling Correction Factor      1.0925
            for MLR
          H1 Value                       -6394.348
          H1 Scaling Correction Factor      1.0066
            for MLR

Information Criteria

          Akaike (AIC)                   14005.368
          Bayesian (BIC)                 14077.214
          Sample-Size Adjusted BIC       14020.099
            (n* = (n + 2) / 24)

Chi-Square Test of Model Fit

          Value                           1236.175*
          Degrees of Freedom                    30
          P-Value                           0.0000
          Scaling Correction Factor         0.9551
            for MLR

*   The chi-square value for MLM, MLMV, MLR, ULSMV, WLSM and WLSMV cannot be used
    for chi-square difference testing in the regular way.  MLM, MLR and WLSM
    chi-square difference testing is described on the Mplus website.  MLMV, WLSMV,
    and ULSMV difference testing is done using the DIFFTEST option.

RMSEA (Root Mean Square Error Of Approximation)

          Estimate                           0.317

CFI/TLI

          CFI                                0.000
          TLI                                0.000

Chi-Square Test of Model Fit for the Baseline Model

          Value                           1236.319
          Degrees of Freedom                    30
          P-Value                           0.0000

SRMR (Standardized Root Mean Square Residual)

          Value for Within                   0.365
          Value for Between                  0.723



MODEL RESULTS

                                                    Two-Tailed
                    Estimate       S.E.  Est./S.E.    P-Value

Within Level

 Variances
    WORDLIST          16.165      1.979      8.167      0.000
    CARDS             15.259      1.449     10.529      0.000
    MATRICES          15.610      1.398     11.165      0.000
    FIGURES           16.552      1.255     13.187      0.000
    ANIMALS           15.081      1.181     12.769      0.000
    OCCUPATS          13.243      1.042     12.707      0.000

Between Level

 Means
    WORDLIST          29.856      0.468     63.733      0.000
    CARDS             29.895      0.463     64.591      0.000
    MATRICES          29.746      0.436     68.290      0.000
    FIGURES           30.061      0.454     66.176      0.000
    ANIMALS           30.178      0.469     64.343      0.000
    OCCUPATS          29.983      0.509     58.911      0.000

 Variances
    WORDLIST          10.593      2.109      5.022      0.000
    CARDS             10.468      2.473      4.233      0.000
    MATRICES           8.936      1.762      5.071      0.000
    FIGURES            9.779      2.041      4.791      0.000
    ANIMALS           10.822      2.400      4.509      0.000
    OCCUPATS          13.439      2.756      4.876      0.000


STANDARDIZED MODEL RESULTS


STDYX Standardization

                                                    Two-Tailed
                    Estimate       S.E.  Est./S.E.    P-Value

Within Level

 Variances
    WORDLIST           1.000      0.000    999.000    999.000
    CARDS              1.000      0.000    999.000    999.000
    MATRICES           1.000      0.000    999.000    999.000
    FIGURES            1.000      0.000    999.000    999.000
    ANIMALS            1.000      0.000    999.000    999.000
    OCCUPATS           1.000      0.000    999.000    999.000

Between Level

 Means
    WORDLIST           9.173      0.962      9.537      0.000
    CARDS              9.240      1.115      8.285      0.000
    MATRICES           9.951      0.991     10.038      0.000
    FIGURES            9.613      1.031      9.325      0.000
    ANIMALS            9.173      1.036      8.854      0.000
    OCCUPATS           8.179      0.870      9.396      0.000

 Variances
    WORDLIST           1.000      0.000    999.000    999.000
    CARDS              1.000      0.000    999.000    999.000
    MATRICES           1.000      0.000    999.000    999.000
    FIGURES            1.000      0.000    999.000    999.000
    ANIMALS            1.000      0.000    999.000    999.000
    OCCUPATS           1.000      0.000    999.000    999.000


R-SQUARE

Within Level

Between Level


QUALITY OF NUMERICAL RESULTS

     Condition Number for the Information Matrix              0.122E-03
       (ratio of smallest to largest eigenvalue)


     Beginning Time:  08:48:13
        Ending Time:  08:48:13
       Elapsed Time:  00:00:00



MUTHEN & MUTHEN
3463 Stoner Ave.
Los Angeles, CA  90066

Tel: (310) 391-9971
Fax: (310) 391-8971
Web: www.StatModel.com
Support: Support@StatModel.com

Copyright (c) 1998-2017 Muthen & Muthen
