Mplus VERSION 8 (Mac)
MUTHEN & MUTHEN
12/09/2017   8:48 AM

INPUT INSTRUCTIONS

  TITLE:
   W/i two factor; B/w independence;
  DATA:
  FILE = "hox_m10.dat";

  VARIABLE:
  NAMES = family wordlist cards matrices figures animals occupats;
   MISSING=.;
   CLUSTER = family;
      USEVARIABLES ARE wordlist cards matrices figures animals occupats;
  ANALYSIS:
  TYPE IS TWOLEVEL;
      ESTIMATOR IS MLR;
  MODEL:

      %WITHIN%
        numeric BY wordlist* cards matrices;
        percept BY figures* animals occupats;
        numeric@1 percept@1;
      %BETWEEN%
  OUTPUT:
  STDYX SAMPSTAT;



*** WARNING in MODEL command
  A y-variable has been declared on the within level but not referred to on
  the between level.  Please check that this is what is intended.  If this is not intended,
  specify the variable as a within variable.  Problem with:  WORDLIST
*** WARNING in MODEL command
  A y-variable has been declared on the within level but not referred to on
  the between level.  Please check that this is what is intended.  If this is not intended,
  specify the variable as a within variable.  Problem with:  CARDS
*** WARNING in MODEL command
  A y-variable has been declared on the within level but not referred to on
  the between level.  Please check that this is what is intended.  If this is not intended,
  specify the variable as a within variable.  Problem with:  MATRICES
*** WARNING in MODEL command
  A y-variable has been declared on the within level but not referred to on
  the between level.  Please check that this is what is intended.  If this is not intended,
  specify the variable as a within variable.  Problem with:  FIGURES
*** WARNING in MODEL command
  A y-variable has been declared on the within level but not referred to on
  the between level.  Please check that this is what is intended.  If this is not intended,
  specify the variable as a within variable.  Problem with:  ANIMALS
*** WARNING in MODEL command
  A y-variable has been declared on the within level but not referred to on
  the between level.  Please check that this is what is intended.  If this is not intended,
  specify the variable as a within variable.  Problem with:  OCCUPATS
   6 WARNING(S) FOUND IN THE INPUT INSTRUCTIONS




W/i two factor; B/w independence;

SUMMARY OF ANALYSIS

Number of groups                                                 1
Number of observations                                         400

Number of dependent variables                                    6
Number of independent variables                                  0
Number of continuous latent variables                            2

Observed dependent variables

  Continuous
   WORDLIST    CARDS       MATRICES    FIGURES     ANIMALS     OCCUPATS

Continuous latent variables
   NUMERIC     PERCEPT

Variables with special functions

  Cluster variable      FAMILY

Estimator                                                      MLR
Information matrix                                        OBSERVED
Maximum number of iterations                                   100
Convergence criterion                                    0.100D-05
Maximum number of EM iterations                                500
Convergence criteria for the EM algorithm
  Loglikelihood change                                   0.100D-02
  Relative loglikelihood change                          0.100D-05
  Derivative                                             0.100D-03
Minimum variance                                         0.100D-03
Maximum number of steepest descent iterations                   20
Maximum number of iterations for H1                           2000
Convergence criterion for H1                             0.100D-03
Optimization algorithm                                         EMA

Input data file(s)
  hox_m10.dat
Input data format  FREE


SUMMARY OF DATA

     Number of missing data patterns             1
     Number of clusters                         60

     Average cluster size        6.667

     Estimated Intraclass Correlations for the Y Variables

                Intraclass              Intraclass              Intraclass
     Variable  Correlation   Variable  Correlation   Variable  Correlation

     WORDLIST     0.400      CARDS        0.408      MATRICES     0.369
     FIGURES      0.374      ANIMALS      0.419      OCCUPATS     0.503



COVARIANCE COVERAGE OF DATA

Minimum covariance coverage value   0.100


     PROPORTION OF DATA PRESENT


           Covariance Coverage
              WORDLIST      CARDS         MATRICES      FIGURES       ANIMALS
              ________      ________      ________      ________      ________
 WORDLIST       1.000
 CARDS          1.000         1.000
 MATRICES       1.000         1.000         1.000
 FIGURES        1.000         1.000         1.000         1.000
 ANIMALS        1.000         1.000         1.000         1.000         1.000
 OCCUPATS       1.000         1.000         1.000         1.000         1.000


           Covariance Coverage
              OCCUPATS
              ________
 OCCUPATS       1.000


SAMPLE STATISTICS

NOTE:  The sample statistics for within and between refer to the
       maximum-likelihood estimated within and between covariance
       matrices, respectively.


     ESTIMATED SAMPLE STATISTICS FOR WITHIN


           Means
              WORDLIST      CARDS         MATRICES      FIGURES       ANIMALS
              ________      ________      ________      ________      ________
                0.000         0.000         0.000         0.000         0.000


           Means
              OCCUPATS
              ________
                0.000


           Covariances
              WORDLIST      CARDS         MATRICES      FIGURES       ANIMALS
              ________      ________      ________      ________      ________
 WORDLIST      16.144
 CARDS          9.862        15.277
 MATRICES       9.539         9.623        15.589
 FIGURES        3.687         2.864         2.851        16.544
 ANIMALS        4.607         4.429         3.676         9.952        15.095
 OCCUPATS       3.448         3.365         2.736         8.912         8.905


           Covariances
              OCCUPATS
              ________
 OCCUPATS      13.254


           Correlations
              WORDLIST      CARDS         MATRICES      FIGURES       ANIMALS
              ________      ________      ________      ________      ________
 WORDLIST       1.000
 CARDS          0.628         1.000
 MATRICES       0.601         0.624         1.000
 FIGURES        0.226         0.180         0.178         1.000
 ANIMALS        0.295         0.292         0.240         0.630         1.000
 OCCUPATS       0.236         0.236         0.190         0.602         0.630


           Correlations
              OCCUPATS
              ________
 OCCUPATS       1.000


     ESTIMATED SAMPLE STATISTICS FOR BETWEEN


           Means
              WORDLIST      CARDS         MATRICES      FIGURES       ANIMALS
              ________      ________      ________      ________      ________
               29.880        29.881        29.727        30.067        30.149


           Means
              OCCUPATS
              ________
               29.990


           Covariances
              WORDLIST      CARDS         MATRICES      FIGURES       ANIMALS
              ________      ________      ________      ________      ________
 WORDLIST      10.744
 CARDS          9.291        10.536
 MATRICES       8.527         7.984         9.114
 FIGURES        8.435         8.568         7.864         9.879
 ANIMALS        9.580         9.893         8.037         8.875        10.882
 OCCUPATS      10.412        10.411         9.107         9.594        11.012


           Covariances
              OCCUPATS
              ________
 OCCUPATS      13.411


           Correlations
              WORDLIST      CARDS         MATRICES      FIGURES       ANIMALS
              ________      ________      ________      ________      ________
 WORDLIST       1.000
 CARDS          0.873         1.000
 MATRICES       0.862         0.815         1.000
 FIGURES        0.819         0.840         0.829         1.000
 ANIMALS        0.886         0.924         0.807         0.856         1.000
 OCCUPATS       0.867         0.876         0.824         0.833         0.912


           Correlations
              OCCUPATS
              ________
 OCCUPATS       1.000


     MAXIMUM LOG-LIKELIHOOD VALUE FOR THE UNRESTRICTED (H1) MODEL IS -6394.348


UNIVARIATE SAMPLE STATISTICS


     UNIVARIATE HIGHER-ORDER MOMENT DESCRIPTIVE STATISTICS

         Variable/         Mean/     Skewness/   Minimum/ % with                Percentiles
        Sample Size      Variance    Kurtosis    Maximum  Min/Max      20%/60%    40%/80%    Median

     WORDLIST             29.942      -0.324      12.000    0.50%      26.000     29.000     30.000
             400.000      26.094       0.384      45.000    0.25%      31.000     34.000
     CARDS                29.840      -0.053      11.000    0.25%      25.000     29.000     30.000
             400.000      25.119       0.223      44.000    0.50%      31.000     34.000
     MATRICES             29.735      -0.037      15.000    0.25%      25.000     29.000     30.000
             400.000      24.320       0.069      46.000    0.25%      31.000     34.000
     FIGURES              30.085       0.001      17.000    0.50%      26.000     29.000     30.000
             400.000      26.073      -0.118      44.000    0.25%      31.000     34.000
     ANIMALS              30.117      -0.205      15.000    0.25%      26.000     29.000     30.000
             400.000      25.174      -0.027      46.000    0.25%      32.000     34.000
     OCCUPATS             30.030      -0.145      15.000    0.25%      26.000     29.000     30.000
             400.000      25.534      -0.120      43.000    0.25%      31.000     34.000


THE MODEL ESTIMATION TERMINATED NORMALLY



MODEL FIT INFORMATION

Number of Free Parameters                       25

Loglikelihood

          H0 Value                       -6482.726
          H0 Scaling Correction Factor      1.1424
            for MLR
          H1 Value                       -6394.348
          H1 Scaling Correction Factor      1.0066
            for MLR

Information Criteria

          Akaike (AIC)                   13015.452
          Bayesian (BIC)                 13115.238
          Sample-Size Adjusted BIC       13035.912
            (n* = (n + 2) / 24)

Chi-Square Test of Model Fit

          Value                            205.762*
          Degrees of Freedom                    23
          P-Value                           0.0000
          Scaling Correction Factor         0.8590
            for MLR

*   The chi-square value for MLM, MLMV, MLR, ULSMV, WLSM and WLSMV cannot be used
    for chi-square difference testing in the regular way.  MLM, MLR and WLSM
    chi-square difference testing is described on the Mplus website.  MLMV, WLSMV,
    and ULSMV difference testing is done using the DIFFTEST option.

RMSEA (Root Mean Square Error Of Approximation)

          Estimate                           0.141

CFI/TLI

          CFI                                0.848
          TLI                                0.802

Chi-Square Test of Model Fit for the Baseline Model

          Value                           1236.319
          Degrees of Freedom                    30
          P-Value                           0.0000

SRMR (Standardized Root Mean Square Residual)

          Value for Within                   0.170
          Value for Between                  0.723



MODEL RESULTS

                                                    Two-Tailed
                    Estimate       S.E.  Est./S.E.    P-Value

Within Level

 NUMERIC  BY
    WORDLIST           4.144      0.365     11.356      0.000
    CARDS              4.075      0.293     13.915      0.000
    MATRICES           3.844      0.269     14.292      0.000

 PERCEPT  BY
    FIGURES            3.998      0.253     15.827      0.000
    ANIMALS            4.265      0.258     16.517      0.000
    OCCUPATS           3.815      0.259     14.731      0.000

 PERCEPT  WITH
    NUMERIC            0.640      0.043     14.872      0.000

 Variances
    NUMERIC            1.000      0.000    999.000    999.000
    PERCEPT            1.000      0.000    999.000    999.000

 Residual Variances
    WORDLIST           6.065      0.757      8.011      0.000
    CARDS              5.302      0.622      8.519      0.000
    MATRICES           6.511      0.752      8.660      0.000
    FIGURES            6.991      0.731      9.561      0.000
    ANIMALS            4.665      0.592      7.884      0.000
    OCCUPATS           5.298      0.734      7.219      0.000

Between Level

 Means
    WORDLIST          29.883      0.450     66.341      0.000
    CARDS             29.893      0.448     66.661      0.000
    MATRICES          29.750      0.430     69.261      0.000
    FIGURES           30.057      0.447     67.240      0.000
    ANIMALS           30.154      0.450     66.942      0.000
    OCCUPATS          29.978      0.488     61.455      0.000

 Variances
    WORDLIST           1.544      0.488      3.163      0.002
    CARDS              1.802      0.589      3.059      0.002
    MATRICES           2.034      0.597      3.407      0.001
    FIGURES            2.151      0.632      3.402      0.001
    ANIMALS            1.144      0.736      1.554      0.120
    OCCUPATS           2.835      0.835      3.397      0.001


STANDARDIZED MODEL RESULTS


STDYX Standardization

                                                    Two-Tailed
                    Estimate       S.E.  Est./S.E.    P-Value

Within Level

 NUMERIC  BY
    WORDLIST           0.860      0.023     36.821      0.000
    CARDS              0.871      0.020     44.349      0.000
    MATRICES           0.833      0.025     33.075      0.000

 PERCEPT  BY
    FIGURES            0.834      0.024     34.289      0.000
    ANIMALS            0.892      0.015     59.623      0.000
    OCCUPATS           0.856      0.024     36.079      0.000

 PERCEPT  WITH
    NUMERIC            0.640      0.043     14.872      0.000

 Variances
    NUMERIC            1.000      0.000    999.000    999.000
    PERCEPT            1.000      0.000    999.000    999.000

 Residual Variances
    WORDLIST           0.261      0.040      6.502      0.000
    CARDS              0.242      0.034      7.081      0.000
    MATRICES           0.306      0.042      7.285      0.000
    FIGURES            0.304      0.041      7.497      0.000
    ANIMALS            0.204      0.027      7.646      0.000
    OCCUPATS           0.267      0.041      6.568      0.000

Between Level

 Means
    WORDLIST          24.047      3.856      6.237      0.000
    CARDS             22.268      3.651      6.099      0.000
    MATRICES          20.861      3.087      6.759      0.000
    FIGURES           20.496      3.036      6.751      0.000
    ANIMALS           28.189      9.067      3.109      0.002
    OCCUPATS          17.804      2.684      6.633      0.000

 Variances
    WORDLIST           1.000      0.000    999.000    999.000
    CARDS              1.000      0.000    999.000    999.000
    MATRICES           1.000      0.000    999.000    999.000
    FIGURES            1.000      0.000    999.000    999.000
    ANIMALS            1.000      0.000    999.000    999.000
    OCCUPATS           1.000      0.000    999.000    999.000


R-SQUARE

Within Level

    Observed                                        Two-Tailed
    Variable        Estimate       S.E.  Est./S.E.    P-Value

    WORDLIST           0.739      0.040     18.411      0.000
    CARDS              0.758      0.034     22.174      0.000
    MATRICES           0.694      0.042     16.538      0.000
    FIGURES            0.696      0.041     17.144      0.000
    ANIMALS            0.796      0.027     29.812      0.000
    OCCUPATS           0.733      0.041     18.040      0.000

Between Level


QUALITY OF NUMERICAL RESULTS

     Condition Number for the Information Matrix              0.933E-04
       (ratio of smallest to largest eigenvalue)


     Beginning Time:  08:48:16
        Ending Time:  08:48:16
       Elapsed Time:  00:00:00



MUTHEN & MUTHEN
3463 Stoner Ave.
Los Angeles, CA  90066

Tel: (310) 391-9971
Fax: (310) 391-8971
Web: www.StatModel.com
Support: Support@StatModel.com

Copyright (c) 1998-2017 Muthen & Muthen
