Mplus VERSION 8 (Mac)
MUTHEN & MUTHEN
12/09/2017   8:48 AM

INPUT INSTRUCTIONS

  TITLE:
   Within two factor--Between saturated;
  DATA:
  FILE = "hox_m5.dat";

  VARIABLE:
  NAMES = family wordlist cards matrices figures animals occupats;
   MISSING=.;
   CLUSTER = family;
      USEVARIABLES ARE wordlist cards matrices figures animals occupats;
  ANALYSIS:
  TYPE IS TWOLEVEL;
      ESTIMATOR IS MLR;
  MODEL:
   %WITHIN%
      numeric BY wordlist* cards matrices;
      percept BY figures* animals occupats;
      numeric@1 percept@1;
     %BETWEEN%
      wordlist cards matrices figures animals occupats WITH
      wordlist cards matrices figures animals occupats;
  OUTPUT:
  STDYX SAMPSTAT;



INPUT READING TERMINATED NORMALLY




Within two factor--Between saturated;

SUMMARY OF ANALYSIS

Number of groups                                                 1
Number of observations                                         400

Number of dependent variables                                    6
Number of independent variables                                  0
Number of continuous latent variables                            2

Observed dependent variables

  Continuous
   WORDLIST    CARDS       MATRICES    FIGURES     ANIMALS     OCCUPATS

Continuous latent variables
   NUMERIC     PERCEPT

Variables with special functions

  Cluster variable      FAMILY

Estimator                                                      MLR
Information matrix                                        OBSERVED
Maximum number of iterations                                   100
Convergence criterion                                    0.100D-05
Maximum number of EM iterations                                500
Convergence criteria for the EM algorithm
  Loglikelihood change                                   0.100D-02
  Relative loglikelihood change                          0.100D-05
  Derivative                                             0.100D-03
Minimum variance                                         0.100D-03
Maximum number of steepest descent iterations                   20
Maximum number of iterations for H1                           2000
Convergence criterion for H1                             0.100D-03
Optimization algorithm                                         EMA

Input data file(s)
  hox_m5.dat
Input data format  FREE


SUMMARY OF DATA

     Number of missing data patterns             1
     Number of clusters                         60

     Average cluster size        6.667

     Estimated Intraclass Correlations for the Y Variables

                Intraclass              Intraclass              Intraclass
     Variable  Correlation   Variable  Correlation   Variable  Correlation

     WORDLIST     0.400      CARDS        0.408      MATRICES     0.369
     FIGURES      0.374      ANIMALS      0.419      OCCUPATS     0.503



COVARIANCE COVERAGE OF DATA

Minimum covariance coverage value   0.100


     PROPORTION OF DATA PRESENT


           Covariance Coverage
              WORDLIST      CARDS         MATRICES      FIGURES       ANIMALS
              ________      ________      ________      ________      ________
 WORDLIST       1.000
 CARDS          1.000         1.000
 MATRICES       1.000         1.000         1.000
 FIGURES        1.000         1.000         1.000         1.000
 ANIMALS        1.000         1.000         1.000         1.000         1.000
 OCCUPATS       1.000         1.000         1.000         1.000         1.000


           Covariance Coverage
              OCCUPATS
              ________
 OCCUPATS       1.000


SAMPLE STATISTICS

NOTE:  The sample statistics for within and between refer to the
       maximum-likelihood estimated within and between covariance
       matrices, respectively.


     ESTIMATED SAMPLE STATISTICS FOR WITHIN


           Means
              WORDLIST      CARDS         MATRICES      FIGURES       ANIMALS
              ________      ________      ________      ________      ________
                0.000         0.000         0.000         0.000         0.000


           Means
              OCCUPATS
              ________
                0.000


           Covariances
              WORDLIST      CARDS         MATRICES      FIGURES       ANIMALS
              ________      ________      ________      ________      ________
 WORDLIST      16.144
 CARDS          9.862        15.277
 MATRICES       9.539         9.623        15.589
 FIGURES        3.687         2.864         2.851        16.544
 ANIMALS        4.607         4.429         3.676         9.952        15.095
 OCCUPATS       3.448         3.365         2.736         8.912         8.905


           Covariances
              OCCUPATS
              ________
 OCCUPATS      13.254


           Correlations
              WORDLIST      CARDS         MATRICES      FIGURES       ANIMALS
              ________      ________      ________      ________      ________
 WORDLIST       1.000
 CARDS          0.628         1.000
 MATRICES       0.601         0.624         1.000
 FIGURES        0.226         0.180         0.178         1.000
 ANIMALS        0.295         0.292         0.240         0.630         1.000
 OCCUPATS       0.236         0.236         0.190         0.602         0.630


           Correlations
              OCCUPATS
              ________
 OCCUPATS       1.000


     ESTIMATED SAMPLE STATISTICS FOR BETWEEN


           Means
              WORDLIST      CARDS         MATRICES      FIGURES       ANIMALS
              ________      ________      ________      ________      ________
               29.880        29.881        29.727        30.067        30.149


           Means
              OCCUPATS
              ________
               29.990


           Covariances
              WORDLIST      CARDS         MATRICES      FIGURES       ANIMALS
              ________      ________      ________      ________      ________
 WORDLIST      10.744
 CARDS          9.291        10.536
 MATRICES       8.527         7.984         9.114
 FIGURES        8.435         8.568         7.864         9.879
 ANIMALS        9.580         9.893         8.037         8.875        10.882
 OCCUPATS      10.412        10.411         9.107         9.594        11.012


           Covariances
              OCCUPATS
              ________
 OCCUPATS      13.411


           Correlations
              WORDLIST      CARDS         MATRICES      FIGURES       ANIMALS
              ________      ________      ________      ________      ________
 WORDLIST       1.000
 CARDS          0.873         1.000
 MATRICES       0.862         0.815         1.000
 FIGURES        0.819         0.840         0.829         1.000
 ANIMALS        0.886         0.924         0.807         0.856         1.000
 OCCUPATS       0.867         0.876         0.824         0.833         0.912


           Correlations
              OCCUPATS
              ________
 OCCUPATS       1.000


     MAXIMUM LOG-LIKELIHOOD VALUE FOR THE UNRESTRICTED (H1) MODEL IS -6394.348


UNIVARIATE SAMPLE STATISTICS


     UNIVARIATE HIGHER-ORDER MOMENT DESCRIPTIVE STATISTICS

         Variable/         Mean/     Skewness/   Minimum/ % with                Percentiles
        Sample Size      Variance    Kurtosis    Maximum  Min/Max      20%/60%    40%/80%    Median

     WORDLIST             29.942      -0.324      12.000    0.50%      26.000     29.000     30.000
             400.000      26.094       0.384      45.000    0.25%      31.000     34.000
     CARDS                29.840      -0.053      11.000    0.25%      25.000     29.000     30.000
             400.000      25.119       0.223      44.000    0.50%      31.000     34.000
     MATRICES             29.735      -0.037      15.000    0.25%      25.000     29.000     30.000
             400.000      24.320       0.069      46.000    0.25%      31.000     34.000
     FIGURES              30.085       0.001      17.000    0.50%      26.000     29.000     30.000
             400.000      26.073      -0.118      44.000    0.25%      31.000     34.000
     ANIMALS              30.117      -0.205      15.000    0.25%      26.000     29.000     30.000
             400.000      25.174      -0.027      46.000    0.25%      32.000     34.000
     OCCUPATS             30.030      -0.145      15.000    0.25%      26.000     29.000     30.000
             400.000      25.534      -0.120      43.000    0.25%      31.000     34.000


THE MODEL ESTIMATION TERMINATED NORMALLY



MODEL FIT INFORMATION

Number of Free Parameters                       40

Loglikelihood

          H0 Value                       -6397.770
          H0 Scaling Correction Factor      1.0076
            for MLR
          H1 Value                       -6394.348
          H1 Scaling Correction Factor      1.0066
            for MLR

Information Criteria

          Akaike (AIC)                   12875.540
          Bayesian (BIC)                 13035.198
          Sample-Size Adjusted BIC       12908.276
            (n* = (n + 2) / 24)

Chi-Square Test of Model Fit

          Value                              6.832*
          Degrees of Freedom                     8
          P-Value                           0.5549
          Scaling Correction Factor         1.0016
            for MLR

*   The chi-square value for MLM, MLMV, MLR, ULSMV, WLSM and WLSMV cannot be used
    for chi-square difference testing in the regular way.  MLM, MLR and WLSM
    chi-square difference testing is described on the Mplus website.  MLMV, WLSMV,
    and ULSMV difference testing is done using the DIFFTEST option.

RMSEA (Root Mean Square Error Of Approximation)

          Estimate                           0.000

CFI/TLI

          CFI                                1.000
          TLI                                1.004

Chi-Square Test of Model Fit for the Baseline Model

          Value                           1236.319
          Degrees of Freedom                    30
          P-Value                           0.0000

SRMR (Standardized Root Mean Square Residual)

          Value for Within                   0.022
          Value for Between                  0.006



MODEL RESULTS

                                                    Two-Tailed
                    Estimate       S.E.  Est./S.E.    P-Value

Within Level

 NUMERIC  BY
    WORDLIST           3.151      0.302     10.415      0.000
    CARDS              3.153      0.231     13.641      0.000
    MATRICES           3.029      0.217     13.979      0.000

 PERCEPT  BY
    FIGURES            3.117      0.223     13.981      0.000
    ANIMALS            3.200      0.163     19.660      0.000
    OCCUPATS           2.810      0.177     15.871      0.000

 PERCEPT  WITH
    NUMERIC            0.379      0.050      7.624      0.000

 Variances
    NUMERIC            1.000      0.000    999.000    999.000
    PERCEPT            1.000      0.000    999.000    999.000

 Residual Variances
    WORDLIST           6.225      0.785      7.935      0.000
    CARDS              5.329      0.654      8.152      0.000
    MATRICES           6.416      0.785      8.174      0.000
    FIGURES            6.816      0.773      8.818      0.000
    ANIMALS            4.859      0.633      7.679      0.000
    OCCUPATS           5.358      0.712      7.530      0.000

Between Level

 WORDLIST WITH
    CARDS              9.276      2.282      4.064      0.000
    MATRICES           8.512      1.775      4.795      0.000
    FIGURES            8.433      2.004      4.207      0.000
    ANIMALS            9.717      2.106      4.614      0.000
    OCCUPATS          10.434      2.296      4.545      0.000

 CARDS    WITH
    MATRICES           7.992      1.996      4.005      0.000
    FIGURES            8.444      2.115      3.993      0.000
    ANIMALS           10.016      2.319      4.318      0.000
    OCCUPATS          10.422      2.517      4.141      0.000

 MATRICES WITH
    FIGURES            7.761      1.682      4.615      0.000
    ANIMALS            8.047      1.843      4.365      0.000
    OCCUPATS           9.032      1.862      4.852      0.000

 FIGURES  WITH
    ANIMALS            8.883      2.001      4.440      0.000
    OCCUPATS           9.630      2.149      4.482      0.000

 ANIMALS  WITH
    OCCUPATS          11.006      2.373      4.639      0.000

 Means
    WORDLIST          29.885      0.470     63.562      0.000
    CARDS             29.888      0.464     64.375      0.000
    MATRICES          29.731      0.439     67.679      0.000
    FIGURES           30.061      0.459     65.513      0.000
    ANIMALS           30.146      0.472     63.920      0.000
    OCCUPATS          29.987      0.512     58.582      0.000

 Variances
    WORDLIST          10.732      2.149      4.994      0.000
    CARDS             10.562      2.494      4.235      0.000
    MATRICES           9.097      1.763      5.160      0.000
    FIGURES            9.913      2.051      4.833      0.000
    ANIMALS           10.895      2.420      4.502      0.000
    OCCUPATS          13.416      2.764      4.855      0.000


STANDARDIZED MODEL RESULTS


STDYX Standardization

                                                    Two-Tailed
                    Estimate       S.E.  Est./S.E.    P-Value

Within Level

 NUMERIC  BY
    WORDLIST           0.784      0.036     21.507      0.000
    CARDS              0.807      0.030     27.032      0.000
    MATRICES           0.767      0.032     23.678      0.000

 PERCEPT  BY
    FIGURES            0.767      0.035     22.149      0.000
    ANIMALS            0.823      0.023     36.428      0.000
    OCCUPATS           0.772      0.032     23.780      0.000

 PERCEPT  WITH
    NUMERIC            0.379      0.050      7.624      0.000

 Variances
    NUMERIC            1.000      0.000    999.000    999.000
    PERCEPT            1.000      0.000    999.000    999.000

 Residual Variances
    WORDLIST           0.385      0.057      6.744      0.000
    CARDS              0.349      0.048      7.244      0.000
    MATRICES           0.411      0.050      8.278      0.000
    FIGURES            0.412      0.053      7.768      0.000
    ANIMALS            0.322      0.037      8.646      0.000
    OCCUPATS           0.404      0.050      8.068      0.000

Between Level

 WORDLIST WITH
    CARDS              0.871      0.047     18.591      0.000
    MATRICES           0.861      0.041     21.156      0.000
    FIGURES            0.818      0.079     10.400      0.000
    ANIMALS            0.899      0.055     16.354      0.000
    OCCUPATS           0.870      0.061     14.257      0.000

 CARDS    WITH
    MATRICES           0.815      0.061     13.396      0.000
    FIGURES            0.825      0.074     11.210      0.000
    ANIMALS            0.934      0.039     24.010      0.000
    OCCUPATS           0.875      0.058     15.005      0.000

 MATRICES WITH
    FIGURES            0.817      0.070     11.738      0.000
    ANIMALS            0.808      0.082      9.824      0.000
    OCCUPATS           0.818      0.064     12.690      0.000

 FIGURES  WITH
    ANIMALS            0.855      0.048     17.646      0.000
    OCCUPATS           0.835      0.050     16.797      0.000

 ANIMALS  WITH
    OCCUPATS           0.910      0.038     23.962      0.000

 Means
    WORDLIST           9.122      0.963      9.469      0.000
    CARDS              9.197      1.110      8.286      0.000
    MATRICES           9.857      0.963     10.235      0.000
    FIGURES            9.548      1.014      9.413      0.000
    ANIMALS            9.133      1.034      8.831      0.000
    OCCUPATS           8.187      0.875      9.352      0.000

 Variances
    WORDLIST           1.000      0.000    999.000    999.000
    CARDS              1.000      0.000    999.000    999.000
    MATRICES           1.000      0.000    999.000    999.000
    FIGURES            1.000      0.000    999.000    999.000
    ANIMALS            1.000      0.000    999.000    999.000
    OCCUPATS           1.000      0.000    999.000    999.000


R-SQUARE

Within Level

    Observed                                        Two-Tailed
    Variable        Estimate       S.E.  Est./S.E.    P-Value

    WORDLIST           0.615      0.057     10.753      0.000
    CARDS              0.651      0.048     13.516      0.000
    MATRICES           0.589      0.050     11.839      0.000
    FIGURES            0.588      0.053     11.075      0.000
    ANIMALS            0.678      0.037     18.214      0.000
    OCCUPATS           0.596      0.050     11.890      0.000

Between Level


QUALITY OF NUMERICAL RESULTS

     Condition Number for the Information Matrix              0.721E-05
       (ratio of smallest to largest eigenvalue)


     Beginning Time:  08:48:14
        Ending Time:  08:48:14
       Elapsed Time:  00:00:00



MUTHEN & MUTHEN
3463 Stoner Ave.
Los Angeles, CA  90066

Tel: (310) 391-9971
Fax: (310) 391-8971
Web: www.StatModel.com
Support: Support@StatModel.com

Copyright (c) 1998-2017 Muthen & Muthen
