Mplus VERSION 8 (Mac)
MUTHEN & MUTHEN
12/07/2017  12:14 PM

INPUT INSTRUCTIONS

  TITLE:
   Within two factor--Between null; Table 14.1, p. 301;
  DATA:
  FILE = "hox_m10_v2.dat";

  VARIABLE:
  NAMES = family wordlist cards matrices figures animals occupats;
   MISSING=.;
   CLUSTER = family;
      USEVARIABLES ARE wordlist cards matrices figures animals occupats;
   WITHIN ARE wordlist cards matrices figures animals occupats;
  ANALYSIS:
  TYPE IS TWOLEVEL;
      ESTIMATOR IS MLR;
  MODEL:

      %WITHIN%
        numeric BY wordlist* cards matrices;
        percept BY figures* animals occupats;
        numeric@1 percept@1;
      %BETWEEN%
  OUTPUT:
  STDYX SAMPSTAT;



INPUT READING TERMINATED NORMALLY




Within two factor--Between null; Table 14.1, p. 301;

SUMMARY OF ANALYSIS

Number of groups                                                 1
Number of observations                                         400

Number of dependent variables                                    6
Number of independent variables                                  0
Number of continuous latent variables                            2

Observed dependent variables

  Continuous
   WORDLIST    CARDS       MATRICES    FIGURES     ANIMALS     OCCUPATS

Continuous latent variables
   NUMERIC     PERCEPT

Variables with special functions

  Cluster variable      FAMILY

  Within variables
   WORDLIST    CARDS       MATRICES    FIGURES     ANIMALS     OCCUPATS


Estimator                                                      MLR
Information matrix                                        OBSERVED
Maximum number of iterations                                   100
Convergence criterion                                    0.100D-05
Maximum number of EM iterations                                500
Convergence criteria for the EM algorithm
  Loglikelihood change                                   0.100D-02
  Relative loglikelihood change                          0.100D-05
  Derivative                                             0.100D-03
Minimum variance                                         0.100D-03
Maximum number of steepest descent iterations                   20
Maximum number of iterations for H1                           2000
Convergence criterion for H1                             0.100D-03
Optimization algorithm                                         EMA

Input data file(s)
  hox_m10_v2.dat
Input data format  FREE


SUMMARY OF DATA

     Number of missing data patterns             1
     Number of clusters                         60

     Average cluster size        6.667

     Estimated Intraclass Correlations for the Y Variables

                Intraclass              Intraclass              Intraclass
     Variable  Correlation   Variable  Correlation   Variable  Correlation

     WORDLIST     0.000      CARDS        0.000      MATRICES     0.000
     FIGURES      0.000      ANIMALS      0.000      OCCUPATS     0.000



COVARIANCE COVERAGE OF DATA

Minimum covariance coverage value   0.100


     PROPORTION OF DATA PRESENT


           Covariance Coverage
              WORDLIST      CARDS         MATRICES      FIGURES       ANIMALS
              ________      ________      ________      ________      ________
 WORDLIST       1.000
 CARDS          1.000         1.000
 MATRICES       1.000         1.000         1.000
 FIGURES        1.000         1.000         1.000         1.000
 ANIMALS        1.000         1.000         1.000         1.000         1.000
 OCCUPATS       1.000         1.000         1.000         1.000         1.000


           Covariance Coverage
              OCCUPATS
              ________
 OCCUPATS       1.000


SAMPLE STATISTICS

NOTE:  The sample statistics for within and between refer to the
       maximum-likelihood estimated within and between covariance
       matrices, respectively.


     ESTIMATED SAMPLE STATISTICS FOR WITHIN


           Means
              WORDLIST      CARDS         MATRICES      FIGURES       ANIMALS
              ________      ________      ________      ________      ________
               29.942        29.840        29.735        30.085        30.117


           Means
              OCCUPATS
              ________
               30.030


           Covariances
              WORDLIST      CARDS         MATRICES      FIGURES       ANIMALS
              ________      ________      ________      ________      ________
 WORDLIST      26.094
 CARDS         18.403        25.119
 MATRICES      17.500        17.183        24.320
 FIGURES       11.480        11.006        10.330        26.073
 ANIMALS       13.422        13.586        11.246        18.325        25.174
 OCCUPATS      12.922        12.930        11.200        17.830        19.004


           Covariances
              OCCUPATS
              ________
 OCCUPATS      25.534


           Correlations
              WORDLIST      CARDS         MATRICES      FIGURES       ANIMALS
              ________      ________      ________      ________      ________
 WORDLIST       1.000
 CARDS          0.719         1.000
 MATRICES       0.695         0.695         1.000
 FIGURES        0.440         0.430         0.410         1.000
 ANIMALS        0.524         0.540         0.455         0.715         1.000
 OCCUPATS       0.501         0.511         0.449         0.691         0.750


           Correlations
              OCCUPATS
              ________
 OCCUPATS       1.000


     ESTIMATED SAMPLE STATISTICS FOR BETWEEN


           Means
              WORDLIST      CARDS         MATRICES      FIGURES       ANIMALS
              ________      ________      ________      ________      ________
                0.000         0.000         0.000         0.000         0.000


           Means
              OCCUPATS
              ________
                0.000


           Covariances
              WORDLIST      CARDS         MATRICES      FIGURES       ANIMALS
              ________      ________      ________      ________      ________
 WORDLIST       0.000
 CARDS          0.000         0.000
 MATRICES       0.000         0.000         0.000
 FIGURES        0.000         0.000         0.000         0.000
 ANIMALS        0.000         0.000         0.000         0.000         0.000
 OCCUPATS       0.000         0.000         0.000         0.000         0.000


           Covariances
              OCCUPATS
              ________
 OCCUPATS       0.000


           Correlations
              WORDLIST      CARDS         MATRICES      FIGURES       ANIMALS
              ________      ________      ________      ________      ________
 WORDLIST       0.000
 CARDS          0.000         0.000
 MATRICES       0.000         0.000         0.000
 FIGURES        0.000         0.000         0.000         0.000
 ANIMALS        0.000         0.000         0.000         0.000         0.000
 OCCUPATS       0.000         0.000         0.000         0.000         0.000


           Correlations
              OCCUPATS
              ________
 OCCUPATS       0.000


     MAXIMUM LOG-LIKELIHOOD VALUE FOR THE UNRESTRICTED (H1) MODEL IS -6551.314


UNIVARIATE SAMPLE STATISTICS


     UNIVARIATE HIGHER-ORDER MOMENT DESCRIPTIVE STATISTICS

         Variable/         Mean/     Skewness/   Minimum/ % with                Percentiles
        Sample Size      Variance    Kurtosis    Maximum  Min/Max      20%/60%    40%/80%    Median

     WORDLIST             29.942      -0.324      12.000    0.50%      26.000     29.000     30.000
             400.000      26.094       0.384      45.000    0.25%      31.000     34.000
     CARDS                29.840      -0.053      11.000    0.25%      25.000     29.000     30.000
             400.000      25.119       0.223      44.000    0.50%      31.000     34.000
     MATRICES             29.735      -0.037      15.000    0.25%      25.000     29.000     30.000
             400.000      24.320       0.069      46.000    0.25%      31.000     34.000
     FIGURES              30.085       0.001      17.000    0.50%      26.000     29.000     30.000
             400.000      26.073      -0.118      44.000    0.25%      31.000     34.000
     ANIMALS              30.117      -0.205      15.000    0.25%      26.000     29.000     30.000
             400.000      25.174      -0.027      46.000    0.25%      32.000     34.000
     OCCUPATS             30.030      -0.145      15.000    0.25%      26.000     29.000     30.000
             400.000      25.534      -0.120      43.000    0.25%      31.000     34.000


THE MODEL ESTIMATION TERMINATED NORMALLY



MODEL FIT INFORMATION

Number of Free Parameters                       19

Loglikelihood

          H0 Value                       -6556.076
          H0 Scaling Correction Factor      1.6280
            for MLR
          H1 Value                       -6551.314
          H1 Scaling Correction Factor      1.5076
            for MLR

Information Criteria

          Akaike (AIC)                   13150.151
          Bayesian (BIC)                 13225.989
          Sample-Size Adjusted BIC       13165.701
            (n* = (n + 2) / 24)

Chi-Square Test of Model Fit

          Value                              7.795*
          Degrees of Freedom                     8
          P-Value                           0.4537
          Scaling Correction Factor         1.2218
            for MLR

*   The chi-square value for MLM, MLMV, MLR, ULSMV, WLSM and WLSMV cannot be used
    for chi-square difference testing in the regular way.  MLM, MLR and WLSM
    chi-square difference testing is described on the Mplus website.  MLMV, WLSMV,
    and ULSMV difference testing is done using the DIFFTEST option.

RMSEA (Root Mean Square Error Of Approximation)

          Estimate                           0.000

CFI/TLI

          CFI                                1.000
          TLI                                1.000

Chi-Square Test of Model Fit for the Baseline Model

          Value                           2001.851
          Degrees of Freedom                    15
          P-Value                           0.0000

SRMR (Standardized Root Mean Square Residual)

          Value for Within                   0.016
          Value for Between                  0.000



MODEL RESULTS

                                                    Two-Tailed
                    Estimate       S.E.  Est./S.E.    P-Value

Within Level

 NUMERIC  BY
    WORDLIST           4.341      0.335     12.949      0.000
    CARDS              4.281      0.301     14.217      0.000
    MATRICES           3.995      0.259     15.409      0.000

 PERCEPT  BY
    FIGURES            4.104      0.255     16.120      0.000
    ANIMALS            4.446      0.252     17.654      0.000
    OCCUPATS           4.306      0.290     14.830      0.000

 PERCEPT  WITH
    NUMERIC            0.674      0.041     16.299      0.000

 Intercepts
    WORDLIST          29.942      0.444     67.395      0.000
    CARDS             29.840      0.444     67.271      0.000
    MATRICES          29.735      0.432     68.810      0.000
    FIGURES           30.085      0.450     66.785      0.000
    ANIMALS           30.118      0.445     67.707      0.000
    OCCUPATS          30.030      0.475     63.219      0.000

 Variances
    NUMERIC            1.000      0.000    999.000    999.000
    PERCEPT            1.000      0.000    999.000    999.000

 Residual Variances
    WORDLIST           7.251      0.901      8.046      0.000
    CARDS              6.791      0.823      8.257      0.000
    MATRICES           8.357      0.722     11.579      0.000
    FIGURES            9.229      0.825     11.188      0.000
    ANIMALS            5.403      0.663      8.149      0.000
    OCCUPATS           6.994      0.843      8.295      0.000

Between Level


STANDARDIZED MODEL RESULTS


STDYX Standardization

                                                    Two-Tailed
                    Estimate       S.E.  Est./S.E.    P-Value

Within Level

 NUMERIC  BY
    WORDLIST           0.850      0.025     33.878      0.000
    CARDS              0.854      0.023     36.788      0.000
    MATRICES           0.810      0.024     33.709      0.000

 PERCEPT  BY
    FIGURES            0.804      0.025     32.317      0.000
    ANIMALS            0.886      0.016     54.943      0.000
    OCCUPATS           0.852      0.023     36.730      0.000

 PERCEPT  WITH
    NUMERIC            0.674      0.041     16.299      0.000

 Intercepts
    WORDLIST           5.862      0.363     16.155      0.000
    CARDS              5.954      0.324     18.355      0.000
    MATRICES           6.030      0.273     22.107      0.000
    FIGURES            5.892      0.254     23.193      0.000
    ANIMALS            6.003      0.306     19.629      0.000
    OCCUPATS           5.943      0.318     18.711      0.000

 Variances
    NUMERIC            1.000      0.000    999.000    999.000
    PERCEPT            1.000      0.000    999.000    999.000

 Residual Variances
    WORDLIST           0.278      0.043      6.518      0.000
    CARDS              0.270      0.040      6.816      0.000
    MATRICES           0.344      0.039      8.823      0.000
    FIGURES            0.354      0.040      8.854      0.000
    ANIMALS            0.215      0.029      7.508      0.000
    OCCUPATS           0.274      0.040      6.928      0.000

Between Level


R-SQUARE

Within Level

    Observed                                        Two-Tailed
    Variable        Estimate       S.E.  Est./S.E.    P-Value

    WORDLIST           0.722      0.043     16.939      0.000
    CARDS              0.730      0.040     18.394      0.000
    MATRICES           0.656      0.039     16.855      0.000
    FIGURES            0.646      0.040     16.159      0.000
    ANIMALS            0.785      0.029     27.472      0.000
    OCCUPATS           0.726      0.040     18.365      0.000

Between Level


QUALITY OF NUMERICAL RESULTS

     Condition Number for the Information Matrix              0.315E-03
       (ratio of smallest to largest eigenvalue)


     Beginning Time:  12:14:33
        Ending Time:  12:14:33
       Elapsed Time:  00:00:00



MUTHEN & MUTHEN
3463 Stoner Ave.
Los Angeles, CA  90066

Tel: (310) 391-9971
Fax: (310) 391-8971
Web: www.StatModel.com
Support: Support@StatModel.com

Copyright (c) 1998-2017 Muthen & Muthen
