Mplus VERSION 8 (Mac)
MUTHEN & MUTHEN
12/09/2017   8:48 AM

INPUT INSTRUCTIONS

  TITLE:
   W/i independence; B/w saturated;
  DATA:
  FILE = "hox_m8.dat";

  VARIABLE:
  NAMES = family wordlist cards matrices figures animals occupats;
   MISSING=.;
   CLUSTER = family;
      USEVARIABLES ARE wordlist cards matrices figures animals occupats;
  ANALYSIS:
  TYPE IS TWOLEVEL;
      ESTIMATOR IS MLR;
  MODEL:

      %WITHIN%
      %BETWEEN%
        wordlist cards matrices figures animals occupats WITH
          wordlist cards matrices figures animals occupats;
  OUTPUT:
  STDYX SAMPSTAT;



INPUT READING TERMINATED NORMALLY




W/i independence; B/w saturated;

SUMMARY OF ANALYSIS

Number of groups                                                 1
Number of observations                                         400

Number of dependent variables                                    6
Number of independent variables                                  0
Number of continuous latent variables                            0

Observed dependent variables

  Continuous
   WORDLIST    CARDS       MATRICES    FIGURES     ANIMALS     OCCUPATS

Variables with special functions

  Cluster variable      FAMILY

Estimator                                                      MLR
Information matrix                                        OBSERVED
Maximum number of iterations                                   100
Convergence criterion                                    0.100D-05
Maximum number of EM iterations                                500
Convergence criteria for the EM algorithm
  Loglikelihood change                                   0.100D-02
  Relative loglikelihood change                          0.100D-05
  Derivative                                             0.100D-03
Minimum variance                                         0.100D-03
Maximum number of steepest descent iterations                   20
Maximum number of iterations for H1                           2000
Convergence criterion for H1                             0.100D-03
Optimization algorithm                                         EMA

Input data file(s)
  hox_m8.dat
Input data format  FREE


SUMMARY OF DATA

     Number of missing data patterns             1
     Number of clusters                         60

     Average cluster size        6.667

     Estimated Intraclass Correlations for the Y Variables

                Intraclass              Intraclass              Intraclass
     Variable  Correlation   Variable  Correlation   Variable  Correlation

     WORDLIST     0.400      CARDS        0.408      MATRICES     0.369
     FIGURES      0.374      ANIMALS      0.419      OCCUPATS     0.503



COVARIANCE COVERAGE OF DATA

Minimum covariance coverage value   0.100


     PROPORTION OF DATA PRESENT


           Covariance Coverage
              WORDLIST      CARDS         MATRICES      FIGURES       ANIMALS
              ________      ________      ________      ________      ________
 WORDLIST       1.000
 CARDS          1.000         1.000
 MATRICES       1.000         1.000         1.000
 FIGURES        1.000         1.000         1.000         1.000
 ANIMALS        1.000         1.000         1.000         1.000         1.000
 OCCUPATS       1.000         1.000         1.000         1.000         1.000


           Covariance Coverage
              OCCUPATS
              ________
 OCCUPATS       1.000


SAMPLE STATISTICS

NOTE:  The sample statistics for within and between refer to the
       maximum-likelihood estimated within and between covariance
       matrices, respectively.


     ESTIMATED SAMPLE STATISTICS FOR WITHIN


           Means
              WORDLIST      CARDS         MATRICES      FIGURES       ANIMALS
              ________      ________      ________      ________      ________
                0.000         0.000         0.000         0.000         0.000


           Means
              OCCUPATS
              ________
                0.000


           Covariances
              WORDLIST      CARDS         MATRICES      FIGURES       ANIMALS
              ________      ________      ________      ________      ________
 WORDLIST      16.144
 CARDS          9.862        15.277
 MATRICES       9.539         9.623        15.589
 FIGURES        3.687         2.864         2.851        16.544
 ANIMALS        4.607         4.429         3.676         9.952        15.095
 OCCUPATS       3.448         3.365         2.736         8.912         8.905


           Covariances
              OCCUPATS
              ________
 OCCUPATS      13.254


           Correlations
              WORDLIST      CARDS         MATRICES      FIGURES       ANIMALS
              ________      ________      ________      ________      ________
 WORDLIST       1.000
 CARDS          0.628         1.000
 MATRICES       0.601         0.624         1.000
 FIGURES        0.226         0.180         0.178         1.000
 ANIMALS        0.295         0.292         0.240         0.630         1.000
 OCCUPATS       0.236         0.236         0.190         0.602         0.630


           Correlations
              OCCUPATS
              ________
 OCCUPATS       1.000


     ESTIMATED SAMPLE STATISTICS FOR BETWEEN


           Means
              WORDLIST      CARDS         MATRICES      FIGURES       ANIMALS
              ________      ________      ________      ________      ________
               29.880        29.881        29.727        30.067        30.149


           Means
              OCCUPATS
              ________
               29.990


           Covariances
              WORDLIST      CARDS         MATRICES      FIGURES       ANIMALS
              ________      ________      ________      ________      ________
 WORDLIST      10.744
 CARDS          9.291        10.536
 MATRICES       8.527         7.984         9.114
 FIGURES        8.435         8.568         7.864         9.879
 ANIMALS        9.580         9.893         8.037         8.875        10.882
 OCCUPATS      10.412        10.411         9.107         9.594        11.012


           Covariances
              OCCUPATS
              ________
 OCCUPATS      13.411


           Correlations
              WORDLIST      CARDS         MATRICES      FIGURES       ANIMALS
              ________      ________      ________      ________      ________
 WORDLIST       1.000
 CARDS          0.873         1.000
 MATRICES       0.862         0.815         1.000
 FIGURES        0.819         0.840         0.829         1.000
 ANIMALS        0.886         0.924         0.807         0.856         1.000
 OCCUPATS       0.867         0.876         0.824         0.833         0.912


           Correlations
              OCCUPATS
              ________
 OCCUPATS       1.000


     MAXIMUM LOG-LIKELIHOOD VALUE FOR THE UNRESTRICTED (H1) MODEL IS -6394.348


UNIVARIATE SAMPLE STATISTICS


     UNIVARIATE HIGHER-ORDER MOMENT DESCRIPTIVE STATISTICS

         Variable/         Mean/     Skewness/   Minimum/ % with                Percentiles
        Sample Size      Variance    Kurtosis    Maximum  Min/Max      20%/60%    40%/80%    Median

     WORDLIST             29.942      -0.324      12.000    0.50%      26.000     29.000     30.000
             400.000      26.094       0.384      45.000    0.25%      31.000     34.000
     CARDS                29.840      -0.053      11.000    0.25%      25.000     29.000     30.000
             400.000      25.119       0.223      44.000    0.50%      31.000     34.000
     MATRICES             29.735      -0.037      15.000    0.25%      25.000     29.000     30.000
             400.000      24.320       0.069      46.000    0.25%      31.000     34.000
     FIGURES              30.085       0.001      17.000    0.50%      26.000     29.000     30.000
             400.000      26.073      -0.118      44.000    0.25%      31.000     34.000
     ANIMALS              30.117      -0.205      15.000    0.25%      26.000     29.000     30.000
             400.000      25.174      -0.027      46.000    0.25%      32.000     34.000
     OCCUPATS             30.030      -0.145      15.000    0.25%      26.000     29.000     30.000
             400.000      25.534      -0.120      43.000    0.25%      31.000     34.000


THE MODEL ESTIMATION TERMINATED NORMALLY



MODEL FIT INFORMATION

Number of Free Parameters                       33

Loglikelihood

          H0 Value                       -6800.631
          H0 Scaling Correction Factor      1.0506
            for MLR
          H1 Value                       -6394.348
          H1 Scaling Correction Factor      1.0066
            for MLR

Information Criteria

          Akaike (AIC)                   13667.263
          Bayesian (BIC)                 13798.981
          Sample-Size Adjusted BIC       13694.270
            (n* = (n + 2) / 24)

Chi-Square Test of Model Fit

          Value                            893.079*
          Degrees of Freedom                    15
          P-Value                           0.0000
          Scaling Correction Factor         0.9098
            for MLR

*   The chi-square value for MLM, MLMV, MLR, ULSMV, WLSM and WLSMV cannot be used
    for chi-square difference testing in the regular way.  MLM, MLR and WLSM
    chi-square difference testing is described on the Mplus website.  MLMV, WLSMV,
    and ULSMV difference testing is done using the DIFFTEST option.

RMSEA (Root Mean Square Error Of Approximation)

          Estimate                           0.383

CFI/TLI

          CFI                                0.272
          TLI                               -0.456

Chi-Square Test of Model Fit for the Baseline Model

          Value                           1236.319
          Degrees of Freedom                    30
          P-Value                           0.0000

SRMR (Standardized Root Mean Square Residual)

          Value for Within                   0.365
          Value for Between                  0.066



MODEL RESULTS

                                                    Two-Tailed
                    Estimate       S.E.  Est./S.E.    P-Value

Within Level

 Variances
    WORDLIST          15.856      1.906      8.320      0.000
    CARDS             15.176      1.432     10.595      0.000
    MATRICES          15.479      1.377     11.241      0.000
    FIGURES           16.422      1.234     13.311      0.000
    ANIMALS           14.639      1.139     12.856      0.000
    OCCUPATS          13.163      1.025     12.838      0.000

Between Level

 WORDLIST WITH
    CARDS             10.703      2.323      4.608      0.000
    MATRICES           9.896      1.810      5.469      0.000
    FIGURES            9.060      2.101      4.313      0.000
    ANIMALS           10.242      2.140      4.786      0.000
    OCCUPATS          10.911      2.389      4.567      0.000

 CARDS    WITH
    MATRICES           9.649      2.002      4.820      0.000
    FIGURES            9.364      2.181      4.294      0.000
    ANIMALS           10.412      2.344      4.442      0.000
    OCCUPATS          11.025      2.558      4.310      0.000

 MATRICES WITH
    FIGURES            8.325      1.708      4.873      0.000
    ANIMALS            8.991      1.972      4.560      0.000
    OCCUPATS           9.538      1.889      5.049      0.000

 FIGURES  WITH
    ANIMALS           10.459      1.995      5.242      0.000
    OCCUPATS          11.114      2.218      5.011      0.000

 ANIMALS  WITH
    OCCUPATS          12.273      2.340      5.244      0.000

 Means
    WORDLIST          29.933      0.472     63.426      0.000
    CARDS             29.841      0.463     64.407      0.000
    MATRICES          29.729      0.441     67.442      0.000
    FIGURES           30.085      0.463     64.967      0.000
    ANIMALS           30.115      0.472     63.831      0.000
    OCCUPATS          30.019      0.512     58.652      0.000

 Variances
    WORDLIST          11.023      2.262      4.873      0.000
    CARDS             10.704      2.581      4.147      0.000
    MATRICES           9.381      1.822      5.148      0.000
    FIGURES           10.261      2.136      4.804      0.000
    ANIMALS           11.431      2.844      4.019      0.000
    OCCUPATS          13.457      2.871      4.687      0.000


STANDARDIZED MODEL RESULTS


STDYX Standardization

                                                    Two-Tailed
                    Estimate       S.E.  Est./S.E.    P-Value

Within Level

 Variances
    WORDLIST           1.000      0.000    999.000    999.000
    CARDS              1.000      0.000    999.000    999.000
    MATRICES           1.000      0.000    999.000    999.000
    FIGURES            1.000      0.000    999.000    999.000
    ANIMALS            1.000      0.000    999.000    999.000
    OCCUPATS           1.000      0.000    999.000    999.000

Between Level

 WORDLIST WITH
    CARDS              0.985      0.040     24.593      0.000
    MATRICES           0.973      0.042     23.346      0.000
    FIGURES            0.852      0.078     10.891      0.000
    ANIMALS            0.912      0.088     10.407      0.000
    OCCUPATS           0.896      0.062     14.523      0.000

 CARDS    WITH
    MATRICES           0.963      0.055     17.397      0.000
    FIGURES            0.893      0.067     13.293      0.000
    ANIMALS            0.941      0.071     13.233      0.000
    OCCUPATS           0.919      0.054     16.879      0.000

 MATRICES WITH
    FIGURES            0.849      0.072     11.733      0.000
    ANIMALS            0.868      0.082     10.618      0.000
    OCCUPATS           0.849      0.068     12.408      0.000

 FIGURES  WITH
    ANIMALS            0.966      0.078     12.376      0.000
    OCCUPATS           0.946      0.038     24.885      0.000

 ANIMALS  WITH
    OCCUPATS           0.990      0.067     14.732      0.000

 Means
    WORDLIST           9.016      0.977      9.231      0.000
    CARDS              9.121      1.121      8.134      0.000
    MATRICES           9.707      0.947     10.253      0.000
    FIGURES            9.392      1.007      9.330      0.000
    ANIMALS            8.907      1.117      7.973      0.000
    OCCUPATS           8.183      0.907      9.021      0.000

 Variances
    WORDLIST           1.000      0.000    999.000    999.000
    CARDS              1.000      0.000    999.000    999.000
    MATRICES           1.000      0.000    999.000    999.000
    FIGURES            1.000      0.000    999.000    999.000
    ANIMALS            1.000      0.000    999.000    999.000
    OCCUPATS           1.000      0.000    999.000    999.000


R-SQUARE

Within Level

Between Level


QUALITY OF NUMERICAL RESULTS

     Condition Number for the Information Matrix              0.239E-04
       (ratio of smallest to largest eigenvalue)


     Beginning Time:  08:48:15
        Ending Time:  08:48:15
       Elapsed Time:  00:00:00



MUTHEN & MUTHEN
3463 Stoner Ave.
Los Angeles, CA  90066

Tel: (310) 391-9971
Fax: (310) 391-8971
Web: www.StatModel.com
Support: Support@StatModel.com

Copyright (c) 1998-2017 Muthen & Muthen
