Mplus VERSION 8 (Mac)
MUTHEN & MUTHEN
12/09/2017   8:48 AM

INPUT INSTRUCTIONS

  TITLE:
   W/i two factor; B/w one factor;
  DATA:
  FILE = "hox_m6.dat";

  VARIABLE:
  NAMES = family wordlist cards matrices figures animals occupats;
   MISSING=.;
   CLUSTER = family;
      USEVARIABLES ARE wordlist cards matrices figures animals occupats;
  ANALYSIS:
  TYPE IS TWOLEVEL;
      ESTIMATOR IS MLR;
  MODEL:
    %WITHIN%
      numeric BY wordlist* cards matrices;
      percept BY figures* animals occupats;
      numeric@1 percept@1;
     %BETWEEN%
      general BY wordlist* cards matrices figures animals occupats;
      general@1;
  OUTPUT:
  STDYX SAMPSTAT;



INPUT READING TERMINATED NORMALLY




W/i two factor; B/w one factor;

SUMMARY OF ANALYSIS

Number of groups                                                 1
Number of observations                                         400

Number of dependent variables                                    6
Number of independent variables                                  0
Number of continuous latent variables                            3

Observed dependent variables

  Continuous
   WORDLIST    CARDS       MATRICES    FIGURES     ANIMALS     OCCUPATS

Continuous latent variables
   NUMERIC     PERCEPT     GENERAL

Variables with special functions

  Cluster variable      FAMILY

Estimator                                                      MLR
Information matrix                                        OBSERVED
Maximum number of iterations                                   100
Convergence criterion                                    0.100D-05
Maximum number of EM iterations                                500
Convergence criteria for the EM algorithm
  Loglikelihood change                                   0.100D-02
  Relative loglikelihood change                          0.100D-05
  Derivative                                             0.100D-03
Minimum variance                                         0.100D-03
Maximum number of steepest descent iterations                   20
Maximum number of iterations for H1                           2000
Convergence criterion for H1                             0.100D-03
Optimization algorithm                                         EMA

Input data file(s)
  hox_m6.dat
Input data format  FREE


SUMMARY OF DATA

     Number of missing data patterns             1
     Number of clusters                         60

     Average cluster size        6.667

     Estimated Intraclass Correlations for the Y Variables

                Intraclass              Intraclass              Intraclass
     Variable  Correlation   Variable  Correlation   Variable  Correlation

     WORDLIST     0.400      CARDS        0.408      MATRICES     0.369
     FIGURES      0.374      ANIMALS      0.419      OCCUPATS     0.503



COVARIANCE COVERAGE OF DATA

Minimum covariance coverage value   0.100


     PROPORTION OF DATA PRESENT


           Covariance Coverage
              WORDLIST      CARDS         MATRICES      FIGURES       ANIMALS
              ________      ________      ________      ________      ________
 WORDLIST       1.000
 CARDS          1.000         1.000
 MATRICES       1.000         1.000         1.000
 FIGURES        1.000         1.000         1.000         1.000
 ANIMALS        1.000         1.000         1.000         1.000         1.000
 OCCUPATS       1.000         1.000         1.000         1.000         1.000


           Covariance Coverage
              OCCUPATS
              ________
 OCCUPATS       1.000


SAMPLE STATISTICS

NOTE:  The sample statistics for within and between refer to the
       maximum-likelihood estimated within and between covariance
       matrices, respectively.


     ESTIMATED SAMPLE STATISTICS FOR WITHIN


           Means
              WORDLIST      CARDS         MATRICES      FIGURES       ANIMALS
              ________      ________      ________      ________      ________
                0.000         0.000         0.000         0.000         0.000


           Means
              OCCUPATS
              ________
                0.000


           Covariances
              WORDLIST      CARDS         MATRICES      FIGURES       ANIMALS
              ________      ________      ________      ________      ________
 WORDLIST      16.144
 CARDS          9.862        15.277
 MATRICES       9.539         9.623        15.589
 FIGURES        3.687         2.864         2.851        16.544
 ANIMALS        4.607         4.429         3.676         9.952        15.095
 OCCUPATS       3.448         3.365         2.736         8.912         8.905


           Covariances
              OCCUPATS
              ________
 OCCUPATS      13.254


           Correlations
              WORDLIST      CARDS         MATRICES      FIGURES       ANIMALS
              ________      ________      ________      ________      ________
 WORDLIST       1.000
 CARDS          0.628         1.000
 MATRICES       0.601         0.624         1.000
 FIGURES        0.226         0.180         0.178         1.000
 ANIMALS        0.295         0.292         0.240         0.630         1.000
 OCCUPATS       0.236         0.236         0.190         0.602         0.630


           Correlations
              OCCUPATS
              ________
 OCCUPATS       1.000


     ESTIMATED SAMPLE STATISTICS FOR BETWEEN


           Means
              WORDLIST      CARDS         MATRICES      FIGURES       ANIMALS
              ________      ________      ________      ________      ________
               29.880        29.881        29.727        30.067        30.149


           Means
              OCCUPATS
              ________
               29.990


           Covariances
              WORDLIST      CARDS         MATRICES      FIGURES       ANIMALS
              ________      ________      ________      ________      ________
 WORDLIST      10.744
 CARDS          9.291        10.536
 MATRICES       8.527         7.984         9.114
 FIGURES        8.435         8.568         7.864         9.879
 ANIMALS        9.580         9.893         8.037         8.875        10.882
 OCCUPATS      10.412        10.411         9.107         9.594        11.012


           Covariances
              OCCUPATS
              ________
 OCCUPATS      13.411


           Correlations
              WORDLIST      CARDS         MATRICES      FIGURES       ANIMALS
              ________      ________      ________      ________      ________
 WORDLIST       1.000
 CARDS          0.873         1.000
 MATRICES       0.862         0.815         1.000
 FIGURES        0.819         0.840         0.829         1.000
 ANIMALS        0.886         0.924         0.807         0.856         1.000
 OCCUPATS       0.867         0.876         0.824         0.833         0.912


           Correlations
              OCCUPATS
              ________
 OCCUPATS       1.000


     MAXIMUM LOG-LIKELIHOOD VALUE FOR THE UNRESTRICTED (H1) MODEL IS -6394.348


UNIVARIATE SAMPLE STATISTICS


     UNIVARIATE HIGHER-ORDER MOMENT DESCRIPTIVE STATISTICS

         Variable/         Mean/     Skewness/   Minimum/ % with                Percentiles
        Sample Size      Variance    Kurtosis    Maximum  Min/Max      20%/60%    40%/80%    Median

     WORDLIST             29.942      -0.324      12.000    0.50%      26.000     29.000     30.000
             400.000      26.094       0.384      45.000    0.25%      31.000     34.000
     CARDS                29.840      -0.053      11.000    0.25%      25.000     29.000     30.000
             400.000      25.119       0.223      44.000    0.50%      31.000     34.000
     MATRICES             29.735      -0.037      15.000    0.25%      25.000     29.000     30.000
             400.000      24.320       0.069      46.000    0.25%      31.000     34.000
     FIGURES              30.085       0.001      17.000    0.50%      26.000     29.000     30.000
             400.000      26.073      -0.118      44.000    0.25%      31.000     34.000
     ANIMALS              30.117      -0.205      15.000    0.25%      26.000     29.000     30.000
             400.000      25.174      -0.027      46.000    0.25%      32.000     34.000
     OCCUPATS             30.030      -0.145      15.000    0.25%      26.000     29.000     30.000
             400.000      25.534      -0.120      43.000    0.25%      31.000     34.000


THE MODEL ESTIMATION TERMINATED NORMALLY



MODEL FIT INFORMATION

Number of Free Parameters                       31

Loglikelihood

          H0 Value                       -6400.319
          H0 Scaling Correction Factor      1.0185
            for MLR
          H1 Value                       -6394.348
          H1 Scaling Correction Factor      1.0066
            for MLR

Information Criteria

          Akaike (AIC)                   12862.638
          Bayesian (BIC)                 12986.373
          Sample-Size Adjusted BIC       12888.008
            (n* = (n + 2) / 24)

Chi-Square Test of Model Fit

          Value                             12.124*
          Degrees of Freedom                    17
          P-Value                           0.7926
          Scaling Correction Factor         0.9849
            for MLR

*   The chi-square value for MLM, MLMV, MLR, ULSMV, WLSM and WLSMV cannot be used
    for chi-square difference testing in the regular way.  MLM, MLR and WLSM
    chi-square difference testing is described on the Mplus website.  MLMV, WLSMV,
    and ULSMV difference testing is done using the DIFFTEST option.

RMSEA (Root Mean Square Error Of Approximation)

          Estimate                           0.000

CFI/TLI

          CFI                                1.000
          TLI                                1.007

Chi-Square Test of Model Fit for the Baseline Model

          Value                           1236.319
          Degrees of Freedom                    30
          P-Value                           0.0000

SRMR (Standardized Root Mean Square Residual)

          Value for Within                   0.022
          Value for Between                  0.018



MODEL RESULTS

                                                    Two-Tailed
                    Estimate       S.E.  Est./S.E.    P-Value

Within Level

 NUMERIC  BY
    WORDLIST           3.168      0.298     10.633      0.000
    CARDS              3.138      0.226     13.857      0.000
    MATRICES           3.048      0.217     14.037      0.000

 PERCEPT  BY
    FIGURES            3.118      0.221     14.128      0.000
    ANIMALS            3.195      0.162     19.686      0.000
    OCCUPATS           2.815      0.173     16.231      0.000

 PERCEPT  WITH
    NUMERIC            0.376      0.052      7.259      0.000

 Variances
    NUMERIC            1.000      0.000    999.000    999.000
    PERCEPT            1.000      0.000    999.000    999.000

 Residual Variances
    WORDLIST           6.185      0.781      7.917      0.000
    CARDS              5.390      0.652      8.270      0.000
    MATRICES           6.394      0.784      8.159      0.000
    FIGURES            6.813      0.770      8.842      0.000
    ANIMALS            4.885      0.620      7.880      0.000
    OCCUPATS           5.346      0.702      7.618      0.000

Between Level

 GENERAL  BY
    WORDLIST           3.064      0.373      8.219      0.000
    CARDS              3.059      0.430      7.115      0.000
    MATRICES           2.640      0.328      8.044      0.000
    FIGURES            2.793      0.360      7.757      0.000
    ANIMALS            3.196      0.375      8.532      0.000
    OCCUPATS           3.428      0.397      8.639      0.000

 Intercepts
    WORDLIST          29.887      0.471     63.416      0.000
    CARDS             29.886      0.466     64.193      0.000
    MATRICES          29.748      0.439     67.800      0.000
    FIGURES           30.058      0.457     65.807      0.000
    ANIMALS           30.145      0.469     64.213      0.000
    OCCUPATS          29.986      0.510     58.829      0.000

 Variances
    GENERAL            1.000      0.000    999.000    999.000

 Residual Variances
    WORDLIST           1.242      0.531      2.337      0.019
    CARDS              1.322      0.626      2.110      0.035
    MATRICES           1.926      0.600      3.211      0.001
    FIGURES            2.124      0.604      3.516      0.000
    ANIMALS            0.660      0.556      1.188      0.235
    OCCUPATS           1.613      0.577      2.795      0.005


STANDARDIZED MODEL RESULTS


STDYX Standardization

                                                    Two-Tailed
                    Estimate       S.E.  Est./S.E.    P-Value

Within Level

 NUMERIC  BY
    WORDLIST           0.787      0.036     22.038      0.000
    CARDS              0.804      0.029     27.265      0.000
    MATRICES           0.770      0.032     24.005      0.000

 PERCEPT  BY
    FIGURES            0.767      0.034     22.397      0.000
    ANIMALS            0.822      0.022     37.118      0.000
    OCCUPATS           0.773      0.031     24.610      0.000

 PERCEPT  WITH
    NUMERIC            0.376      0.052      7.259      0.000

 Variances
    NUMERIC            1.000      0.000    999.000    999.000
    PERCEPT            1.000      0.000    999.000    999.000

 Residual Variances
    WORDLIST           0.381      0.056      6.792      0.000
    CARDS              0.354      0.047      7.461      0.000
    MATRICES           0.408      0.049      8.264      0.000
    FIGURES            0.412      0.053      7.848      0.000
    ANIMALS            0.324      0.036      8.882      0.000
    OCCUPATS           0.403      0.049      8.298      0.000

Between Level

 GENERAL  BY
    WORDLIST           0.940      0.031     30.392      0.000
    CARDS              0.936      0.036     25.907      0.000
    MATRICES           0.885      0.041     21.743      0.000
    FIGURES            0.887      0.039     22.847      0.000
    ANIMALS            0.969      0.026     37.514      0.000
    OCCUPATS           0.938      0.025     38.265      0.000

 Intercepts
    WORDLIST           9.168      0.980      9.351      0.000
    CARDS              9.145      1.095      8.355      0.000
    MATRICES           9.974      0.988     10.092      0.000
    FIGURES            9.542      0.996      9.578      0.000
    ANIMALS            9.141      1.049      8.716      0.000
    OCCUPATS           8.202      0.877      9.348      0.000

 Variances
    GENERAL            1.000      0.000    999.000    999.000

 Residual Variances
    WORDLIST           0.117      0.058      2.011      0.044
    CARDS              0.124      0.068      1.829      0.067
    MATRICES           0.217      0.072      3.005      0.003
    FIGURES            0.214      0.069      3.111      0.002
    ANIMALS            0.061      0.050      1.212      0.225
    OCCUPATS           0.121      0.046      2.626      0.009


R-SQUARE

Within Level

    Observed                                        Two-Tailed
    Variable        Estimate       S.E.  Est./S.E.    P-Value

    WORDLIST           0.619      0.056     11.019      0.000
    CARDS              0.646      0.047     13.632      0.000
    MATRICES           0.592      0.049     12.003      0.000
    FIGURES            0.588      0.053     11.199      0.000
    ANIMALS            0.676      0.036     18.559      0.000
    OCCUPATS           0.597      0.049     12.305      0.000

Between Level

    Observed                                        Two-Tailed
    Variable        Estimate       S.E.  Est./S.E.    P-Value

    WORDLIST           0.883      0.058     15.196      0.000
    CARDS              0.876      0.068     12.954      0.000
    MATRICES           0.783      0.072     10.872      0.000
    FIGURES            0.786      0.069     11.424      0.000
    ANIMALS            0.939      0.050     18.757      0.000
    OCCUPATS           0.879      0.046     19.133      0.000


QUALITY OF NUMERICAL RESULTS

     Condition Number for the Information Matrix              0.680E-04
       (ratio of smallest to largest eigenvalue)


     Beginning Time:  08:48:14
        Ending Time:  08:48:14
       Elapsed Time:  00:00:00



MUTHEN & MUTHEN
3463 Stoner Ave.
Los Angeles, CA  90066

Tel: (310) 391-9971
Fax: (310) 391-8971
Web: www.StatModel.com
Support: Support@StatModel.com

Copyright (c) 1998-2017 Muthen & Muthen
