Mplus VERSION 8 (Mac)
MUTHEN & MUTHEN
12/09/2017   8:48 AM

INPUT INSTRUCTIONS

  TITLE:
   W/i saturated; B/w independence;
  DATA:
  FILE = "hox_m7.dat";

  VARIABLE:
  NAMES = family wordlist cards matrices figures animals occupats;
   MISSING=.;
   CLUSTER = family;
      USEVARIABLES ARE wordlist cards matrices figures animals occupats;
  ANALYSIS:
  TYPE IS TWOLEVEL;
      ESTIMATOR IS MLR;
  MODEL:

      %WITHIN%
        wordlist cards matrices figures animals occupats WITH
          wordlist cards matrices figures animals occupats;
      %BETWEEN%
  OUTPUT:
  STDYX SAMPSTAT;



*** WARNING in MODEL command
  A y-variable has been declared on the within level but not referred to on
  the between level.  Please check that this is what is intended.  If this is not intended,
  specify the variable as a within variable.  Problem with:  WORDLIST
*** WARNING in MODEL command
  A y-variable has been declared on the within level but not referred to on
  the between level.  Please check that this is what is intended.  If this is not intended,
  specify the variable as a within variable.  Problem with:  CARDS
*** WARNING in MODEL command
  A y-variable has been declared on the within level but not referred to on
  the between level.  Please check that this is what is intended.  If this is not intended,
  specify the variable as a within variable.  Problem with:  MATRICES
*** WARNING in MODEL command
  A y-variable has been declared on the within level but not referred to on
  the between level.  Please check that this is what is intended.  If this is not intended,
  specify the variable as a within variable.  Problem with:  FIGURES
*** WARNING in MODEL command
  A y-variable has been declared on the within level but not referred to on
  the between level.  Please check that this is what is intended.  If this is not intended,
  specify the variable as a within variable.  Problem with:  ANIMALS
*** WARNING in MODEL command
  A y-variable has been declared on the within level but not referred to on
  the between level.  Please check that this is what is intended.  If this is not intended,
  specify the variable as a within variable.  Problem with:  OCCUPATS
   6 WARNING(S) FOUND IN THE INPUT INSTRUCTIONS




W/i saturated; B/w independence;

SUMMARY OF ANALYSIS

Number of groups                                                 1
Number of observations                                         400

Number of dependent variables                                    6
Number of independent variables                                  0
Number of continuous latent variables                            0

Observed dependent variables

  Continuous
   WORDLIST    CARDS       MATRICES    FIGURES     ANIMALS     OCCUPATS

Variables with special functions

  Cluster variable      FAMILY

Estimator                                                      MLR
Information matrix                                        OBSERVED
Maximum number of iterations                                   100
Convergence criterion                                    0.100D-05
Maximum number of EM iterations                                500
Convergence criteria for the EM algorithm
  Loglikelihood change                                   0.100D-02
  Relative loglikelihood change                          0.100D-05
  Derivative                                             0.100D-03
Minimum variance                                         0.100D-03
Maximum number of steepest descent iterations                   20
Maximum number of iterations for H1                           2000
Convergence criterion for H1                             0.100D-03
Optimization algorithm                                         EMA

Input data file(s)
  hox_m7.dat
Input data format  FREE


SUMMARY OF DATA

     Number of missing data patterns             1
     Number of clusters                         60

     Average cluster size        6.667

     Estimated Intraclass Correlations for the Y Variables

                Intraclass              Intraclass              Intraclass
     Variable  Correlation   Variable  Correlation   Variable  Correlation

     WORDLIST     0.400      CARDS        0.408      MATRICES     0.369
     FIGURES      0.374      ANIMALS      0.419      OCCUPATS     0.503



COVARIANCE COVERAGE OF DATA

Minimum covariance coverage value   0.100


     PROPORTION OF DATA PRESENT


           Covariance Coverage
              WORDLIST      CARDS         MATRICES      FIGURES       ANIMALS
              ________      ________      ________      ________      ________
 WORDLIST       1.000
 CARDS          1.000         1.000
 MATRICES       1.000         1.000         1.000
 FIGURES        1.000         1.000         1.000         1.000
 ANIMALS        1.000         1.000         1.000         1.000         1.000
 OCCUPATS       1.000         1.000         1.000         1.000         1.000


           Covariance Coverage
              OCCUPATS
              ________
 OCCUPATS       1.000


SAMPLE STATISTICS

NOTE:  The sample statistics for within and between refer to the
       maximum-likelihood estimated within and between covariance
       matrices, respectively.


     ESTIMATED SAMPLE STATISTICS FOR WITHIN


           Means
              WORDLIST      CARDS         MATRICES      FIGURES       ANIMALS
              ________      ________      ________      ________      ________
                0.000         0.000         0.000         0.000         0.000


           Means
              OCCUPATS
              ________
                0.000


           Covariances
              WORDLIST      CARDS         MATRICES      FIGURES       ANIMALS
              ________      ________      ________      ________      ________
 WORDLIST      16.144
 CARDS          9.862        15.277
 MATRICES       9.539         9.623        15.589
 FIGURES        3.687         2.864         2.851        16.544
 ANIMALS        4.607         4.429         3.676         9.952        15.095
 OCCUPATS       3.448         3.365         2.736         8.912         8.905


           Covariances
              OCCUPATS
              ________
 OCCUPATS      13.254


           Correlations
              WORDLIST      CARDS         MATRICES      FIGURES       ANIMALS
              ________      ________      ________      ________      ________
 WORDLIST       1.000
 CARDS          0.628         1.000
 MATRICES       0.601         0.624         1.000
 FIGURES        0.226         0.180         0.178         1.000
 ANIMALS        0.295         0.292         0.240         0.630         1.000
 OCCUPATS       0.236         0.236         0.190         0.602         0.630


           Correlations
              OCCUPATS
              ________
 OCCUPATS       1.000


     ESTIMATED SAMPLE STATISTICS FOR BETWEEN


           Means
              WORDLIST      CARDS         MATRICES      FIGURES       ANIMALS
              ________      ________      ________      ________      ________
               29.880        29.881        29.727        30.067        30.149


           Means
              OCCUPATS
              ________
               29.990


           Covariances
              WORDLIST      CARDS         MATRICES      FIGURES       ANIMALS
              ________      ________      ________      ________      ________
 WORDLIST      10.744
 CARDS          9.291        10.536
 MATRICES       8.527         7.984         9.114
 FIGURES        8.435         8.568         7.864         9.879
 ANIMALS        9.580         9.893         8.037         8.875        10.882
 OCCUPATS      10.412        10.411         9.107         9.594        11.012


           Covariances
              OCCUPATS
              ________
 OCCUPATS      13.411


           Correlations
              WORDLIST      CARDS         MATRICES      FIGURES       ANIMALS
              ________      ________      ________      ________      ________
 WORDLIST       1.000
 CARDS          0.873         1.000
 MATRICES       0.862         0.815         1.000
 FIGURES        0.819         0.840         0.829         1.000
 ANIMALS        0.886         0.924         0.807         0.856         1.000
 OCCUPATS       0.867         0.876         0.824         0.833         0.912


           Correlations
              OCCUPATS
              ________
 OCCUPATS       1.000


     MAXIMUM LOG-LIKELIHOOD VALUE FOR THE UNRESTRICTED (H1) MODEL IS -6394.348


UNIVARIATE SAMPLE STATISTICS


     UNIVARIATE HIGHER-ORDER MOMENT DESCRIPTIVE STATISTICS

         Variable/         Mean/     Skewness/   Minimum/ % with                Percentiles
        Sample Size      Variance    Kurtosis    Maximum  Min/Max      20%/60%    40%/80%    Median

     WORDLIST             29.942      -0.324      12.000    0.50%      26.000     29.000     30.000
             400.000      26.094       0.384      45.000    0.25%      31.000     34.000
     CARDS                29.840      -0.053      11.000    0.25%      25.000     29.000     30.000
             400.000      25.119       0.223      44.000    0.50%      31.000     34.000
     MATRICES             29.735      -0.037      15.000    0.25%      25.000     29.000     30.000
             400.000      24.320       0.069      46.000    0.25%      31.000     34.000
     FIGURES              30.085       0.001      17.000    0.50%      26.000     29.000     30.000
             400.000      26.073      -0.118      44.000    0.25%      31.000     34.000
     ANIMALS              30.117      -0.205      15.000    0.25%      26.000     29.000     30.000
             400.000      25.174      -0.027      46.000    0.25%      32.000     34.000
     OCCUPATS             30.030      -0.145      15.000    0.25%      26.000     29.000     30.000
             400.000      25.534      -0.120      43.000    0.25%      31.000     34.000


THE MODEL ESTIMATION TERMINATED NORMALLY



MODEL FIT INFORMATION

Number of Free Parameters                       33

Loglikelihood

          H0 Value                       -6478.527
          H0 Scaling Correction Factor      1.1105
            for MLR
          H1 Value                       -6394.348
          H1 Scaling Correction Factor      1.0066
            for MLR

Information Criteria

          Akaike (AIC)                   13023.054
          Bayesian (BIC)                 13154.772
          Sample-Size Adjusted BIC       13050.061
            (n* = (n + 2) / 24)

Chi-Square Test of Model Fit

          Value                            216.375*
          Degrees of Freedom                    15
          P-Value                           0.0000
          Scaling Correction Factor         0.7781
            for MLR

*   The chi-square value for MLM, MLMV, MLR, ULSMV, WLSM and WLSMV cannot be used
    for chi-square difference testing in the regular way.  MLM, MLR and WLSM
    chi-square difference testing is described on the Mplus website.  MLMV, WLSMV,
    and ULSMV difference testing is done using the DIFFTEST option.

RMSEA (Root Mean Square Error Of Approximation)

          Estimate                           0.183

CFI/TLI

          CFI                                0.833
          TLI                                0.666

Chi-Square Test of Model Fit for the Baseline Model

          Value                           1236.319
          Degrees of Freedom                    30
          P-Value                           0.0000

SRMR (Standardized Root Mean Square Residual)

          Value for Within                   0.166
          Value for Between                  0.723



MODEL RESULTS

                                                    Two-Tailed
                    Estimate       S.E.  Est./S.E.    P-Value

Within Level

 WORDLIST WITH
    CARDS             16.884      2.487      6.788      0.000
    MATRICES          15.918      2.267      7.023      0.000
    FIGURES           10.402      1.932      5.384      0.000
    ANIMALS           12.199      2.173      5.614      0.000
    OCCUPATS          10.390      1.914      5.428      0.000

 CARDS    WITH
    MATRICES          15.716      1.986      7.912      0.000
    FIGURES            9.457      1.922      4.920      0.000
    ANIMALS           11.891      2.012      5.909      0.000
    OCCUPATS          10.152      1.915      5.302      0.000

 MATRICES WITH
    FIGURES            8.776      1.770      4.958      0.000
    ANIMALS           10.245      1.663      6.159      0.000
    OCCUPATS           8.787      1.673      5.254      0.000

 FIGURES  WITH
    ANIMALS           17.031      1.911      8.910      0.000
    OCCUPATS          15.358      1.823      8.427      0.000

 ANIMALS  WITH
    OCCUPATS          16.237      1.898      8.554      0.000

 Variances
    WORDLIST          23.379      3.158      7.402      0.000
    CARDS             22.018      2.484      8.865      0.000
    MATRICES          21.101      2.039     10.347      0.000
    FIGURES           22.777      1.877     12.135      0.000
    ANIMALS           23.078      2.361      9.775      0.000
    OCCUPATS          19.843      2.000      9.919      0.000

Between Level

 Means
    WORDLIST          29.881      0.450     66.357      0.000
    CARDS             29.888      0.448     66.672      0.000
    MATRICES          29.749      0.430     69.245      0.000
    FIGURES           30.060      0.446     67.328      0.000
    ANIMALS           30.154      0.451     66.922      0.000
    OCCUPATS          29.980      0.488     61.375      0.000

 Variances
    WORDLIST           1.512      0.490      3.083      0.002
    CARDS              1.726      0.596      2.897      0.004
    MATRICES           2.074      0.590      3.514      0.000
    FIGURES            2.177      0.629      3.458      0.001
    ANIMALS            1.061      0.698      1.520      0.129
    OCCUPATS           2.847      0.831      3.425      0.001


STANDARDIZED MODEL RESULTS


STDYX Standardization

                                                    Two-Tailed
                    Estimate       S.E.  Est./S.E.    P-Value

Within Level

 WORDLIST WITH
    CARDS              0.744      0.030     25.103      0.000
    MATRICES           0.717      0.032     22.166      0.000
    FIGURES            0.451      0.051      8.905      0.000
    ANIMALS            0.525      0.047     11.217      0.000
    OCCUPATS           0.482      0.055      8.813      0.000

 CARDS    WITH
    MATRICES           0.729      0.031     23.155      0.000
    FIGURES            0.422      0.059      7.141      0.000
    ANIMALS            0.528      0.044     11.940      0.000
    OCCUPATS           0.486      0.056      8.622      0.000

 MATRICES WITH
    FIGURES            0.400      0.059      6.796      0.000
    ANIMALS            0.464      0.044     10.634      0.000
    OCCUPATS           0.429      0.058      7.388      0.000

 FIGURES  WITH
    ANIMALS            0.743      0.028     26.551      0.000
    OCCUPATS           0.722      0.032     22.645      0.000

 ANIMALS  WITH
    OCCUPATS           0.759      0.025     30.797      0.000

 Variances
    WORDLIST           1.000      0.000    999.000    999.000
    CARDS              1.000      0.000    999.000    999.000
    MATRICES           1.000      0.000    999.000    999.000
    FIGURES            1.000      0.000    999.000    999.000
    ANIMALS            1.000      0.000    999.000    999.000
    OCCUPATS           1.000      0.000    999.000    999.000

Between Level

 Means
    WORDLIST          24.302      3.997      6.079      0.000
    CARDS             22.753      3.932      5.786      0.000
    MATRICES          20.656      2.957      6.985      0.000
    FIGURES           20.375      2.966      6.868      0.000
    ANIMALS           29.276      9.619      3.043      0.002
    OCCUPATS          17.767      2.661      6.676      0.000

 Variances
    WORDLIST           1.000      0.000    999.000    999.000
    CARDS              1.000      0.000    999.000    999.000
    MATRICES           1.000      0.000    999.000    999.000
    FIGURES            1.000      0.000    999.000    999.000
    ANIMALS            1.000      0.000    999.000    999.000
    OCCUPATS           1.000      0.000    999.000    999.000


R-SQUARE

Within Level

Between Level


QUALITY OF NUMERICAL RESULTS

     Condition Number for the Information Matrix              0.752E-04
       (ratio of smallest to largest eigenvalue)


     Beginning Time:  08:48:15
        Ending Time:  08:48:15
       Elapsed Time:  00:00:00



MUTHEN & MUTHEN
3463 Stoner Ave.
Los Angeles, CA  90066

Tel: (310) 391-9971
Fax: (310) 391-8971
Web: www.StatModel.com
Support: Support@StatModel.com

Copyright (c) 1998-2017 Muthen & Muthen
