Mplus VERSION 8 (Mac)
MUTHEN & MUTHEN
12/09/2017   8:48 AM

INPUT INSTRUCTIONS

  TITLE:
   W/i one factor; B/w one factor;
  DATA:
  FILE = "hox_m3.dat";

  VARIABLE:
  NAMES = family wordlist cards matrices figures animals occupats;
   MISSING=.;
   CLUSTER = family;
      USEVARIABLES ARE wordlist cards matrices figures animals occupats;
  ANALYSIS:
  TYPE IS TWOLEVEL;
      ESTIMATOR IS MLR;
  MODEL:

      %WITHIN%
        gen_wi BY wordlist* cards matrices figures animals occupats;
        gen_wi@1;
      %BETWEEN%
        gen_bw BY wordlist* cards matrices figures animals occupats;
        gen_bw@1;
  OUTPUT:
  STDYX SAMPSTAT;



INPUT READING TERMINATED NORMALLY




W/i one factor; B/w one factor;

SUMMARY OF ANALYSIS

Number of groups                                                 1
Number of observations                                         400

Number of dependent variables                                    6
Number of independent variables                                  0
Number of continuous latent variables                            2

Observed dependent variables

  Continuous
   WORDLIST    CARDS       MATRICES    FIGURES     ANIMALS     OCCUPATS

Continuous latent variables
   GEN_WI      GEN_BW

Variables with special functions

  Cluster variable      FAMILY

Estimator                                                      MLR
Information matrix                                        OBSERVED
Maximum number of iterations                                   100
Convergence criterion                                    0.100D-05
Maximum number of EM iterations                                500
Convergence criteria for the EM algorithm
  Loglikelihood change                                   0.100D-02
  Relative loglikelihood change                          0.100D-05
  Derivative                                             0.100D-03
Minimum variance                                         0.100D-03
Maximum number of steepest descent iterations                   20
Maximum number of iterations for H1                           2000
Convergence criterion for H1                             0.100D-03
Optimization algorithm                                         EMA

Input data file(s)
  hox_m3.dat
Input data format  FREE


SUMMARY OF DATA

     Number of missing data patterns             1
     Number of clusters                         60

     Average cluster size        6.667

     Estimated Intraclass Correlations for the Y Variables

                Intraclass              Intraclass              Intraclass
     Variable  Correlation   Variable  Correlation   Variable  Correlation

     WORDLIST     0.400      CARDS        0.408      MATRICES     0.369
     FIGURES      0.374      ANIMALS      0.419      OCCUPATS     0.503



COVARIANCE COVERAGE OF DATA

Minimum covariance coverage value   0.100


     PROPORTION OF DATA PRESENT


           Covariance Coverage
              WORDLIST      CARDS         MATRICES      FIGURES       ANIMALS
              ________      ________      ________      ________      ________
 WORDLIST       1.000
 CARDS          1.000         1.000
 MATRICES       1.000         1.000         1.000
 FIGURES        1.000         1.000         1.000         1.000
 ANIMALS        1.000         1.000         1.000         1.000         1.000
 OCCUPATS       1.000         1.000         1.000         1.000         1.000


           Covariance Coverage
              OCCUPATS
              ________
 OCCUPATS       1.000


SAMPLE STATISTICS

NOTE:  The sample statistics for within and between refer to the
       maximum-likelihood estimated within and between covariance
       matrices, respectively.


     ESTIMATED SAMPLE STATISTICS FOR WITHIN


           Means
              WORDLIST      CARDS         MATRICES      FIGURES       ANIMALS
              ________      ________      ________      ________      ________
                0.000         0.000         0.000         0.000         0.000


           Means
              OCCUPATS
              ________
                0.000


           Covariances
              WORDLIST      CARDS         MATRICES      FIGURES       ANIMALS
              ________      ________      ________      ________      ________
 WORDLIST      16.144
 CARDS          9.862        15.277
 MATRICES       9.539         9.623        15.589
 FIGURES        3.687         2.864         2.851        16.544
 ANIMALS        4.607         4.429         3.676         9.952        15.095
 OCCUPATS       3.448         3.365         2.736         8.912         8.905


           Covariances
              OCCUPATS
              ________
 OCCUPATS      13.254


           Correlations
              WORDLIST      CARDS         MATRICES      FIGURES       ANIMALS
              ________      ________      ________      ________      ________
 WORDLIST       1.000
 CARDS          0.628         1.000
 MATRICES       0.601         0.624         1.000
 FIGURES        0.226         0.180         0.178         1.000
 ANIMALS        0.295         0.292         0.240         0.630         1.000
 OCCUPATS       0.236         0.236         0.190         0.602         0.630


           Correlations
              OCCUPATS
              ________
 OCCUPATS       1.000


     ESTIMATED SAMPLE STATISTICS FOR BETWEEN


           Means
              WORDLIST      CARDS         MATRICES      FIGURES       ANIMALS
              ________      ________      ________      ________      ________
               29.880        29.881        29.727        30.067        30.149


           Means
              OCCUPATS
              ________
               29.990


           Covariances
              WORDLIST      CARDS         MATRICES      FIGURES       ANIMALS
              ________      ________      ________      ________      ________
 WORDLIST      10.744
 CARDS          9.291        10.536
 MATRICES       8.527         7.984         9.114
 FIGURES        8.435         8.568         7.864         9.879
 ANIMALS        9.580         9.893         8.037         8.875        10.882
 OCCUPATS      10.412        10.411         9.107         9.594        11.012


           Covariances
              OCCUPATS
              ________
 OCCUPATS      13.411


           Correlations
              WORDLIST      CARDS         MATRICES      FIGURES       ANIMALS
              ________      ________      ________      ________      ________
 WORDLIST       1.000
 CARDS          0.873         1.000
 MATRICES       0.862         0.815         1.000
 FIGURES        0.819         0.840         0.829         1.000
 ANIMALS        0.886         0.924         0.807         0.856         1.000
 OCCUPATS       0.867         0.876         0.824         0.833         0.912


           Correlations
              OCCUPATS
              ________
 OCCUPATS       1.000


     MAXIMUM LOG-LIKELIHOOD VALUE FOR THE UNRESTRICTED (H1) MODEL IS -6394.348


UNIVARIATE SAMPLE STATISTICS


     UNIVARIATE HIGHER-ORDER MOMENT DESCRIPTIVE STATISTICS

         Variable/         Mean/     Skewness/   Minimum/ % with                Percentiles
        Sample Size      Variance    Kurtosis    Maximum  Min/Max      20%/60%    40%/80%    Median

     WORDLIST             29.942      -0.324      12.000    0.50%      26.000     29.000     30.000
             400.000      26.094       0.384      45.000    0.25%      31.000     34.000
     CARDS                29.840      -0.053      11.000    0.25%      25.000     29.000     30.000
             400.000      25.119       0.223      44.000    0.50%      31.000     34.000
     MATRICES             29.735      -0.037      15.000    0.25%      25.000     29.000     30.000
             400.000      24.320       0.069      46.000    0.25%      31.000     34.000
     FIGURES              30.085       0.001      17.000    0.50%      26.000     29.000     30.000
             400.000      26.073      -0.118      44.000    0.25%      31.000     34.000
     ANIMALS              30.117      -0.205      15.000    0.25%      26.000     29.000     30.000
             400.000      25.174      -0.027      46.000    0.25%      32.000     34.000
     OCCUPATS             30.030      -0.145      15.000    0.25%      26.000     29.000     30.000
             400.000      25.534      -0.120      43.000    0.25%      31.000     34.000

     WARNING: THE MODEL ESTIMATION HAS REACHED A SADDLE POINT OR A POINT WHERE THE
     OBSERVED AND THE EXPECTED INFORMATION MATRICES DO NOT MATCH.
     AN ADJUSTMENT TO THE ESTIMATION OF THE INFORMATION MATRIX HAS BEEN MADE.
     THE CONDITION NUMBER IS      -0.834D+00.
     THE PROBLEM MAY ALSO BE RESOLVED BY DECREASING THE VALUE OF THE
     MCONVERGENCE OR LOGCRITERION OPTIONS OR BY CHANGING THE STARTING VALUES
     OR BY USING THE MLF ESTIMATOR.


THE MODEL ESTIMATION TERMINATED NORMALLY

     WARNING:  THE RESIDUAL COVARIANCE MATRIX (THETA) IS NOT POSITIVE DEFINITE.
     THIS COULD INDICATE A NEGATIVE VARIANCE/RESIDUAL VARIANCE FOR AN OBSERVED
     VARIABLE, A CORRELATION GREATER OR EQUAL TO ONE BETWEEN TWO OBSERVED
     VARIABLES, OR A LINEAR DEPENDENCY AMONG MORE THAN TWO OBSERVED VARIABLES.
     CHECK THE RESULTS SECTION FOR MORE INFORMATION.



MODEL FIT INFORMATION

Number of Free Parameters                       30

Loglikelihood

          H0 Value                       -6561.527
          H0 Scaling Correction Factor      0.8976
            for MLR
          H1 Value                       -6394.348
          H1 Scaling Correction Factor      1.0066
            for MLR

Information Criteria

          Akaike (AIC)                   13183.053
          Bayesian (BIC)                 13302.797
          Sample-Size Adjusted BIC       13207.605
            (n* = (n + 2) / 24)

Chi-Square Test of Model Fit

          Value                            281.374*
          Degrees of Freedom                    18
          P-Value                           0.0000
          Scaling Correction Factor         1.1883
            for MLR

*   The chi-square value for MLM, MLMV, MLR, ULSMV, WLSM and WLSMV cannot be used
    for chi-square difference testing in the regular way.  MLM, MLR and WLSM
    chi-square difference testing is described on the Mplus website.  MLMV, WLSMV,
    and ULSMV difference testing is done using the DIFFTEST option.

RMSEA (Root Mean Square Error Of Approximation)

          Estimate                           0.191

CFI/TLI

          CFI                                0.782
          TLI                                0.636

Chi-Square Test of Model Fit for the Baseline Model

          Value                           1236.319
          Degrees of Freedom                    30
          P-Value                           0.0000

SRMR (Standardized Root Mean Square Residual)

          Value for Within                   0.185
          Value for Between                  0.044



MODEL RESULTS

                                                    Two-Tailed
                    Estimate       S.E.  Est./S.E.    P-Value

Within Level

 GEN_WI   BY
    WORDLIST           3.218      0.297     10.848      0.000
    CARDS              3.150      0.233     13.489      0.000
    MATRICES           3.028      0.228     13.306      0.000
    FIGURES            1.402      0.314      4.465      0.000
    ANIMALS            1.645      0.254      6.468      0.000
    OCCUPATS           1.371      0.258      5.308      0.000

 Variances
    GEN_WI             1.000      0.000    999.000    999.000

 Residual Variances
    WORDLIST           6.326      0.720      8.786      0.000
    CARDS              5.791      0.658      8.803      0.000
    MATRICES           6.890      0.882      7.811      0.000
    FIGURES           14.504      1.090     13.307      0.000
    ANIMALS           12.267      0.894     13.721      0.000
    OCCUPATS          11.335      1.099     10.313      0.000

Between Level

 GEN_BW   BY
    WORDLIST           2.870      0.229     12.554      0.000
    CARDS              2.885      0.228     12.651      0.000
    MATRICES           2.464      0.212     11.612      0.000
    FIGURES            3.024      0.207     14.613      0.000
    ANIMALS            3.358      0.036     92.152      0.000
    OCCUPATS           3.576      0.127     28.098      0.000

 Intercepts
    WORDLIST          29.883      0.470     63.531      0.000
    CARDS             29.890      0.464     64.419      0.000
    MATRICES          29.750      0.438     67.881      0.000
    FIGURES           30.080      0.461     65.311      0.000
    ANIMALS           30.113      0.470     64.110      0.000
    OCCUPATS          30.019      0.508     59.044      0.000

 Variances
    GEN_BW             1.000      0.000    999.000    999.000

 Residual Variances
    WORDLIST           1.618      0.472      3.429      0.001
    CARDS              1.535      0.499      3.074      0.002
    MATRICES           2.167      0.676      3.204      0.001
    FIGURES            1.095      0.109     10.033      0.000
    ANIMALS           -0.267      0.008    -34.207      0.000
    OCCUPATS           0.652      0.021     31.185      0.000


STANDARDIZED MODEL RESULTS


STDYX Standardization

                                                    Two-Tailed
                    Estimate       S.E.  Est./S.E.    P-Value

Within Level

 GEN_WI   BY
    WORDLIST           0.788      0.033     23.789      0.000
    CARDS              0.795      0.030     26.652      0.000
    MATRICES           0.756      0.036     21.213      0.000
    FIGURES            0.346      0.072      4.830      0.000
    ANIMALS            0.425      0.058      7.355      0.000
    OCCUPATS           0.377      0.070      5.417      0.000

 Variances
    GEN_WI             1.000      0.000    999.000    999.000

 Residual Variances
    WORDLIST           0.379      0.052      7.267      0.000
    CARDS              0.369      0.047      7.778      0.000
    MATRICES           0.429      0.054      7.970      0.000
    FIGURES            0.881      0.049     17.809      0.000
    ANIMALS            0.819      0.049     16.671      0.000
    OCCUPATS           0.858      0.052     16.344      0.000

Between Level

 GEN_BW   BY
    WORDLIST           0.914      0.029     31.164      0.000
    CARDS              0.919      0.029     31.211      0.000
    MATRICES           0.858      0.043     20.088      0.000
    FIGURES            0.945      0.009    100.992      0.000
    ANIMALS            1.012      0.000   3434.028      0.000
    OCCUPATS           0.975      0.002    570.907      0.000

 Intercepts
    WORDLIST           9.521      0.633     15.049      0.000
    CARDS              9.519      0.610     15.601      0.000
    MATRICES          10.366      0.724     14.319      0.000
    FIGURES            9.401      0.591     15.913      0.000
    ANIMALS            9.076      0.170     53.239      0.000
    OCCUPATS           8.187      0.315     25.972      0.000

 Variances
    GEN_BW             1.000      0.000    999.000    999.000

 Residual Variances
    WORDLIST           0.164      0.054      3.061      0.002
    CARDS              0.156      0.054      2.878      0.004
    MATRICES           0.263      0.073      3.586      0.000
    FIGURES            0.107      0.018      6.051      0.000
    ANIMALS           -0.024    999.000    999.000    999.000
    OCCUPATS           0.048      0.003     14.547      0.000


R-SQUARE

Within Level

    Observed                                        Two-Tailed
    Variable        Estimate       S.E.  Est./S.E.    P-Value

    WORDLIST           0.621      0.052     11.894      0.000
    CARDS              0.631      0.047     13.326      0.000
    MATRICES           0.571      0.054     10.607      0.000
    FIGURES            0.119      0.049      2.415      0.016
    ANIMALS            0.181      0.049      3.678      0.000
    OCCUPATS           0.142      0.052      2.708      0.007

Between Level

    Observed                                        Two-Tailed
    Variable        Estimate       S.E.  Est./S.E.    P-Value

    WORDLIST           0.836      0.054     15.582      0.000
    CARDS              0.844      0.054     15.605      0.000
    MATRICES           0.737      0.073     10.044      0.000
    FIGURES            0.893      0.018     50.496      0.000
    ANIMALS         Undefined   0.10242E+01
    OCCUPATS           0.952      0.003    285.453      0.000


QUALITY OF NUMERICAL RESULTS

     Condition Number for the Information Matrix             -0.834E+00
       (ratio of smallest to largest eigenvalue)


     Beginning Time:  08:48:14
        Ending Time:  08:48:14
       Elapsed Time:  00:00:00



MUTHEN & MUTHEN
3463 Stoner Ave.
Los Angeles, CA  90066

Tel: (310) 391-9971
Fax: (310) 391-8971
Web: www.StatModel.com
Support: Support@StatModel.com

Copyright (c) 1998-2017 Muthen & Muthen
